#
# There is insufficient memory for the Java Runtime Environment to continue.
# Native memory allocation (mmap) failed to map 423624704 bytes for Failed to commit area from 0x0000000090000000 to 0x00000000a9400000 of length 423624704.
# Possible reasons:
#   The system is out of physical RAM or swap space
#   The process is running with CompressedOops enabled, and the Java Heap may be blocking the growth of the native heap
# Possible solutions:
#   Reduce memory load on the system
#   Increase physical memory or swap space
#   Check if swap backing store is full
#   Decrease Java heap size (-Xmx/-Xms)
#   Decrease number of Java threads
#   Decrease Java thread stack sizes (-Xss)
#   Set larger code cache with -XX:ReservedCodeCacheSize=
#   JVM is running with Unscaled Compressed Oops mode in which the Java heap is
#     placed in the first 4GB address space. The Java Heap base address is the
#     maximum limit for the native heap growth. Please use -XX:HeapBaseMinAddress
#     to set the Java Heap base and to place the Java Heap above 4GB virtual address.
# This output file may be truncated or incomplete.
#
#  Out of Memory Error (./src/hotspot/os/windows/os_windows.cpp:3301), pid=3932, tid=2040
#
# JRE version: OpenJDK Runtime Environment (11.0.11+9) (build 11.0.11+9-b60-7590822)
# Java VM: OpenJDK 64-Bit Server VM (11.0.11+9-b60-7590822, mixed mode, tiered, compressed oops, g1 gc, windows-amd64)
# No core dump will be written. Minidumps are not enabled by default on client versions of Windows
#

---------------  S U M M A R Y ------------

Command Line: --add-opens=java.base/java.util=ALL-UNNAMED --add-opens=java.base/java.lang=ALL-UNNAMED --add-opens=java.base/java.lang.invoke=ALL-UNNAMED --add-opens=java.base/java.util=ALL-UNNAMED --add-opens=java.prefs/java.util.prefs=ALL-UNNAMED --add-opens=java.prefs/java.util.prefs=ALL-UNNAMED --add-opens=java.base/java.nio.charset=ALL-UNNAMED --add-opens=java.base/java.net=ALL-UNNAMED --add-opens=java.base/java.util.concurrent.atomic=ALL-UNNAMED -Xmx2048m -Dfile.encoding=UTF-8 -Duser.country=US -Duser.language=en -Duser.variant org.gradle.launcher.daemon.bootstrap.GradleDaemon 7.2

Host: Intel(R) Core(TM) i5-7200U CPU @ 2.50GHz, 4 cores, 15G,  Windows 10 , 64 bit Build 19041 (10.0.19041.1503)
Time: Fri Feb 18 23:54:35 2022 West Asia Standard Time elapsed time: 1027.684982 seconds (0d 0h 17m 7s)

---------------  T H R E A D  ---------------

Current thread (0x00000299a406f800):  VMThread "VM Thread" [stack: 0x000000adfeb00000,0x000000adfec00000] [id=2040]

Stack: [0x000000adfeb00000,0x000000adfec00000]
[error occurred during error reporting (printing stack bounds), id 0xc0000005, EXCEPTION_ACCESS_VIOLATION (0xc0000005) at pc=0x000002998d830f2d]

Native frames: (J=compiled Java code, j=interpreted, Vv=VM code, C=native code)
V  [jvm.dll+0x5f214a]
V  [jvm.dll+0x726fb5]
V  [jvm.dll+0x7285cd]
V  [jvm.dll+0x728be5]
V  [jvm.dll+0x728b9b]
V  [jvm.dll+0x5f14e8]
V  [jvm.dll+0x5f1c78]
C  [ntdll.dll+0xa20cf]
C  [ntdll.dll+0x51454]
C  [ntdll.dll+0xa0bfe]
C  0x000002998d830f2d

VM_Operation (0x000000ad80bfe0a0): G1CollectForAllocation, mode: safepoint, requested by thread 0x00000299a8e8e800


---------------  P R O C E S S  ---------------

Threads class SMR info:
_java_thread_list=0x00000299af0afee0, length=77, elements={
0x0000029989d28800, 0x00000299a4088800, 0x00000299a408a000, 0x00000299a4909000,
0x00000299a490d000, 0x00000299a4910000, 0x00000299a4914000, 0x00000299a4915000,
0x00000299a4979000, 0x00000299a4a70000, 0x00000299a5720000, 0x00000299a4990800,
0x00000299a5f07000, 0x00000299a5996000, 0x00000299a5992000, 0x00000299a5990800,
0x00000299a5993800, 0x00000299a5995000, 0x00000299a5997000, 0x00000299a5994800,
0x00000299a8e8e800, 0x00000299a8e90800, 0x00000299a8e8d000, 0x00000299a8e95000,
0x00000299aadab800, 0x00000299aada5000, 0x00000299aada5800, 0x00000299aada7800,
0x00000299aada6800, 0x00000299aada8000, 0x00000299aada3800, 0x00000299aadaa000,
0x00000299aada4000, 0x00000299aadad000, 0x00000299aadae000, 0x00000299aadae800,
0x00000299aadaf800, 0x00000299aadb0800, 0x00000299aadaa800, 0x00000299aadb1000,
0x00000299a8e91000, 0x00000299a8e92000, 0x00000299a8e92800, 0x00000299a8e8e000,
0x00000299a8e97000, 0x00000299a8e98800, 0x00000299a8e96000, 0x00000299a8e97800,
0x00000299a8e99000, 0x00000299a8e93800, 0x00000299a8e9a000, 0x00000299a8e9b000,
0x00000299a8e9b800, 0x00000299a5991000, 0x00000299a5993000, 0x00000299b1bca000,
0x00000299b1bcb800, 0x00000299b1bce000, 0x00000299b1bc8000, 0x00000299b1bcc800,
0x00000299b1bcd000, 0x00000299b1bce800, 0x00000299b1bc9000, 0x00000299b1bca800,
0x00000299b1bcf800, 0x00000299b1bd0800, 0x00000299b1bd5800, 0x00000299b1bd6000,
0x00000299b1bd7000, 0x00000299b1bd2000, 0x00000299b1bd1000, 0x00000299b1bd3000,
0x00000299b1bd3800, 0x00000299b1bd4800, 0x00000299b1d22000, 0x00000299b1d25800,
0x00000299b1d26000
}

Java Threads: ( => current thread )
  0x0000029989d28800 JavaThread "main" [_thread_blocked, id=8752, stack(0x000000adfe500000,0x000000adfe600000)]
  0x00000299a4088800 JavaThread "Reference Handler" daemon [_thread_blocked, id=2764, stack(0x000000adfec00000,0x000000adfed00000)]
  0x00000299a408a000 JavaThread "Finalizer" daemon [_thread_blocked, id=876, stack(0x000000adfed00000,0x000000adfee00000)]
  0x00000299a4909000 JavaThread "Signal Dispatcher" daemon [_thread_blocked, id=2832, stack(0x000000adfee00000,0x000000adfef00000)]
  0x00000299a490d000 JavaThread "Attach Listener" daemon [_thread_blocked, id=8508, stack(0x000000adfef00000,0x000000adff000000)]
  0x00000299a4910000 JavaThread "Service Thread" daemon [_thread_blocked, id=4540, stack(0x000000adff000000,0x000000adff100000)]
  0x00000299a4914000 JavaThread "C2 CompilerThread0" daemon [_thread_blocked, id=9268, stack(0x000000adff100000,0x000000adff200000)]
  0x00000299a4915000 JavaThread "C1 CompilerThread0" daemon [_thread_blocked, id=5528, stack(0x000000adff200000,0x000000adff300000)]
  0x00000299a4979000 JavaThread "Sweeper thread" daemon [_thread_blocked, id=9408, stack(0x000000adff300000,0x000000adff400000)]
  0x00000299a4a70000 JavaThread "Common-Cleaner" daemon [_thread_blocked, id=3496, stack(0x000000adff400000,0x000000adff500000)]
  0x00000299a5720000 JavaThread "Daemon health stats" [_thread_blocked, id=6504, stack(0x000000adff900000,0x000000adffa00000)]
  0x00000299a4990800 JavaThread "Incoming local TCP Connector on port 10129" [_thread_in_native, id=2196, stack(0x000000adffa00000,0x000000adffb00000)]
  0x00000299a5f07000 JavaThread "Daemon periodic checks" [_thread_blocked, id=8980, stack(0x000000adffb00000,0x000000adffc00000)]
  0x00000299a5996000 JavaThread "Cache worker for journal cache (C:\Program Files\Android\Android Studio\jre\caches\journal-1)" [_thread_blocked, id=7208, stack(0x000000ad80300000,0x000000ad80400000)]
  0x00000299a5992000 JavaThread "File lock request listener" [_thread_in_native, id=7116, stack(0x000000ad80400000,0x000000ad80500000)]
  0x00000299a5990800 JavaThread "Cache worker for file hash cache (C:\Program Files\Android\Android Studio\jre\caches\7.2\fileHashes)" [_thread_blocked, id=7548, stack(0x000000ad80500000,0x000000ad80600000)]
  0x00000299a5993800 JavaThread "File watcher server" daemon [_thread_in_native, id=6188, stack(0x000000ad80700000,0x000000ad80800000)]
  0x00000299a5995000 JavaThread "File watcher consumer" daemon [_thread_blocked, id=4904, stack(0x000000ad80800000,0x000000ad80900000)]
  0x00000299a5997000 JavaThread "jar transforms" [_thread_blocked, id=6168, stack(0x000000ad80900000,0x000000ad80a00000)]
  0x00000299a5994800 JavaThread "jar transforms Thread 2" [_thread_blocked, id=3456, stack(0x000000ad80a00000,0x000000ad80b00000)]
  0x00000299a8e8e800 JavaThread "jar transforms Thread 3" [_thread_blocked, id=3116, stack(0x000000ad80b00000,0x000000ad80c00000)]
  0x00000299a8e90800 JavaThread "jar transforms Thread 4" [_thread_blocked, id=4468, stack(0x000000ad80c00000,0x000000ad80d00000)]
  0x00000299a8e8d000 JavaThread "Cache worker for execution history cache (C:\Program Files\Android\Android Studio\jre\caches\7.2\executionHistory)" [_thread_blocked, id=5740, stack(0x000000ad81000000,0x000000ad81100000)]
  0x00000299a8e95000 JavaThread "Cache worker for file content cache (C:\Program Files\Android\Android Studio\jre\caches\7.2\fileContent)" [_thread_blocked, id=8420, stack(0x000000ad81100000,0x000000ad81200000)]
  0x00000299aadab800 JavaThread "Memory manager" [_thread_blocked, id=4928, stack(0x000000ad83c00000,0x000000ad83d00000)]
  0x00000299aada5000 JavaThread "Daemon Thread 2" [_thread_blocked, id=2524, stack(0x000000ad80000000,0x000000ad80100000)]
  0x00000299aada5800 JavaThread "Handler for socket connection from /127.0.0.1:10129 to /127.0.0.1:10470" [_thread_in_native, id=5224, stack(0x000000ad80100000,0x000000ad80200000)]
  0x00000299aada7800 JavaThread "Cancel handler" [_thread_blocked, id=8776, stack(0x000000ad80200000,0x000000ad80300000)]
  0x00000299aada6800 JavaThread "Daemon worker Thread 2" [_thread_blocked, id=7092, stack(0x000000ad80600000,0x000000ad80700000)]
  0x00000299aada8000 JavaThread "Asynchronous log dispatcher for DefaultDaemonConnection: socket connection from /127.0.0.1:10129 to /127.0.0.1:10470" [_thread_blocked, id=3916, stack(0x000000ad80d00000,0x000000ad80e00000)]
  0x00000299aada3800 JavaThread "Daemon client event forwarder" [_thread_blocked, id=8308, stack(0x000000ad80f00000,0x000000ad81000000)]
  0x00000299aadaa000 JavaThread "Cache worker for file hash cache (C:\Users\Mahmudov\AndroidStudioProjects\e-auksion\.gradle\7.2\fileHashes)" [_thread_blocked, id=7084, stack(0x000000ad81200000,0x000000ad81300000)]
  0x00000299aada4000 JavaThread "Cache worker for checksums cache (C:\Users\Mahmudov\AndroidStudioProjects\e-auksion\.gradle\checksums)" [_thread_blocked, id=7524, stack(0x000000ad81400000,0x000000ad81500000)]
  0x00000299aadad000 JavaThread "Cache worker for cache directory md-supplier (C:\Program Files\Android\Android Studio\jre\caches\7.2\md-supplier)" [_thread_blocked, id=1196, stack(0x000000ad81500000,0x000000ad81600000)]
  0x00000299aadae000 JavaThread "Cache worker for cache directory md-rule (C:\Program Files\Android\Android Studio\jre\caches\7.2\md-rule)" [_thread_blocked, id=9892, stack(0x000000ad81600000,0x000000ad81700000)]
  0x00000299aadae800 JavaThread "Cache worker for dependencies-accessors (C:\Users\Mahmudov\AndroidStudioProjects\e-auksion\.gradle\7.2\dependencies-accessors)" [_thread_blocked, id=1780, stack(0x000000ad81700000,0x000000ad81800000)]
  0x00000299aadaf800 JavaThread "Cache worker for Build Output Cleanup Cache (C:\Users\Mahmudov\AndroidStudioProjects\e-auksion\.gradle\buildOutputCleanup)" [_thread_blocked, id=7696, stack(0x000000ad81800000,0x000000ad81900000)]
  0x00000299aadb0800 JavaThread "Unconstrained build operations" [_thread_blocked, id=4900, stack(0x000000ad81900000,0x000000ad81a00000)]
  0x00000299aadaa800 JavaThread "Unconstrained build operations Thread 2" [_thread_blocked, id=740, stack(0x000000ad81a00000,0x000000ad81b00000)]
  0x00000299aadb1000 JavaThread "Unconstrained build operations Thread 3" [_thread_blocked, id=10128, stack(0x000000ad81b00000,0x000000ad81c00000)]
  0x00000299a8e91000 JavaThread "Unconstrained build operations Thread 4" [_thread_blocked, id=7968, stack(0x000000ad81c00000,0x000000ad81d00000)]
  0x00000299a8e92000 JavaThread "Unconstrained build operations Thread 5" [_thread_blocked, id=8892, stack(0x000000ad81d00000,0x000000ad81e00000)]
  0x00000299a8e92800 JavaThread "Unconstrained build operations Thread 6" [_thread_blocked, id=8828, stack(0x000000ad81f00000,0x000000ad82000000)]
  0x00000299a8e8e000 JavaThread "Unconstrained build operations Thread 7" [_thread_blocked, id=5788, stack(0x000000ad82000000,0x000000ad82100000)]
  0x00000299a8e97000 JavaThread "Unconstrained build operations Thread 8" [_thread_blocked, id=5548, stack(0x000000ad82100000,0x000000ad82200000)]
  0x00000299a8e98800 JavaThread "Unconstrained build operations Thread 9" [_thread_blocked, id=9028, stack(0x000000ad82200000,0x000000ad82300000)]
  0x00000299a8e96000 JavaThread "Unconstrained build operations Thread 10" [_thread_blocked, id=5904, stack(0x000000ad82300000,0x000000ad82400000)]
  0x00000299a8e97800 JavaThread "Unconstrained build operations Thread 11" [_thread_blocked, id=5404, stack(0x000000ad82400000,0x000000ad82500000)]
  0x00000299a8e99000 JavaThread "Unconstrained build operations Thread 12" [_thread_blocked, id=4444, stack(0x000000ad82500000,0x000000ad82600000)]
  0x00000299a8e93800 JavaThread "Unconstrained build operations Thread 13" [_thread_blocked, id=2372, stack(0x000000ad82600000,0x000000ad82700000)]
  0x00000299a8e9a000 JavaThread "Unconstrained build operations Thread 14" [_thread_blocked, id=2676, stack(0x000000ad82700000,0x000000ad82800000)]
  0x00000299a8e9b000 JavaThread "Unconstrained build operations Thread 15" [_thread_blocked, id=6652, stack(0x000000ad82800000,0x000000ad82900000)]
  0x00000299a8e9b800 JavaThread "Unconstrained build operations Thread 16" [_thread_blocked, id=6892, stack(0x000000ad82900000,0x000000ad82a00000)]
  0x00000299a5991000 JavaThread "Unconstrained build operations Thread 17" [_thread_blocked, id=9052, stack(0x000000ad82a00000,0x000000ad82b00000)]
  0x00000299a5993000 JavaThread "Unconstrained build operations Thread 18" [_thread_blocked, id=7736, stack(0x000000ad82b00000,0x000000ad82c00000)]
  0x00000299b1bca000 JavaThread "Unconstrained build operations Thread 19" [_thread_blocked, id=4956, stack(0x000000ad82c00000,0x000000ad82d00000)]
  0x00000299b1bcb800 JavaThread "Unconstrained build operations Thread 20" [_thread_blocked, id=1412, stack(0x000000ad81300000,0x000000ad81400000)]
  0x00000299b1bce000 JavaThread "Unconstrained build operations Thread 21" [_thread_blocked, id=3784, stack(0x000000ad82d00000,0x000000ad82e00000)]
  0x00000299b1bc8000 JavaThread "Unconstrained build operations Thread 22" [_thread_blocked, id=5856, stack(0x000000ad82e00000,0x000000ad82f00000)]
  0x00000299b1bcc800 JavaThread "Unconstrained build operations Thread 23" [_thread_blocked, id=8020, stack(0x000000ad82f00000,0x000000ad83000000)]
  0x00000299b1bcd000 JavaThread "Unconstrained build operations Thread 24" [_thread_blocked, id=6496, stack(0x000000ad83000000,0x000000ad83100000)]
  0x00000299b1bce800 JavaThread "Unconstrained build operations Thread 25" [_thread_blocked, id=8900, stack(0x000000ad83100000,0x000000ad83200000)]
  0x00000299b1bc9000 JavaThread "Unconstrained build operations Thread 26" [_thread_blocked, id=7904, stack(0x000000ad83200000,0x000000ad83300000)]
  0x00000299b1bca800 JavaThread "Unconstrained build operations Thread 27" [_thread_blocked, id=7828, stack(0x000000ad83300000,0x000000ad83400000)]
  0x00000299b1bcf800 JavaThread "Unconstrained build operations Thread 28" [_thread_blocked, id=7436, stack(0x000000ad83400000,0x000000ad83500000)]
  0x00000299b1bd0800 JavaThread "Unconstrained build operations Thread 29" [_thread_blocked, id=2972, stack(0x000000ad83500000,0x000000ad83600000)]
  0x00000299b1bd5800 JavaThread "Unconstrained build operations Thread 30" [_thread_blocked, id=4512, stack(0x000000ad83600000,0x000000ad83700000)]
  0x00000299b1bd6000 JavaThread "Unconstrained build operations Thread 31" [_thread_blocked, id=7440, stack(0x000000ad83700000,0x000000ad83800000)]
  0x00000299b1bd7000 JavaThread "Unconstrained build operations Thread 32" [_thread_blocked, id=6392, stack(0x000000ad83800000,0x000000ad83900000)]
  0x00000299b1bd2000 JavaThread "Unconstrained build operations Thread 33" [_thread_blocked, id=5436, stack(0x000000ad83900000,0x000000ad83a00000)]
  0x00000299b1bd1000 JavaThread "Unconstrained build operations Thread 34" [_thread_blocked, id=9976, stack(0x000000ad83a00000,0x000000ad83b00000)]
  0x00000299b1bd3000 JavaThread "Unconstrained build operations Thread 35" [_thread_blocked, id=9560, stack(0x000000ad83b00000,0x000000ad83c00000)]
  0x00000299b1bd3800 JavaThread "Unconstrained build operations Thread 36" [_thread_blocked, id=1072, stack(0x000000ad83d00000,0x000000ad83e00000)]
  0x00000299b1bd4800 JavaThread "Unconstrained build operations Thread 37" [_thread_blocked, id=4080, stack(0x000000ad83e00000,0x000000ad83f00000)]
  0x00000299b1d22000 JavaThread "Unconstrained build operations Thread 38" [_thread_blocked, id=6040, stack(0x000000ad83f00000,0x000000ad84000000)]
  0x00000299b1d25800 JavaThread "Unconstrained build operations Thread 39" [_thread_blocked, id=5844, stack(0x000000ad84000000,0x000000ad84100000)]
  0x00000299b1d26000 JavaThread "Unconstrained build operations Thread 40" [_thread_blocked, id=1108, stack(0x000000ad84100000,0x000000ad84200000)]

Other Threads:
=>0x00000299a406f800 VMThread "VM Thread" [stack: 0x000000adfeb00000,0x000000adfec00000] [id=2040]
  0x00000299a4aa0800 WatcherThread [stack: 0x000000adff500000,0x000000adff600000] [id=5168]
  0x0000029989d42000 GCTaskThread "GC Thread#0" [stack: 0x000000adfe600000,0x000000adfe700000] [id=9256]
  0x00000299a508a000 GCTaskThread "GC Thread#1" [stack: 0x000000adff600000,0x000000adff700000] [id=7592]
  0x00000299a52e5800 GCTaskThread "GC Thread#2" [stack: 0x000000adff700000,0x000000adff800000] [id=6780]
  0x00000299a525a800 GCTaskThread "GC Thread#3" [stack: 0x000000adff800000,0x000000adff900000] [id=5552]
  0x0000029989d71800 ConcurrentGCThread "G1 Main Marker" [stack: 0x000000adfe700000,0x000000adfe800000] [id=800]
  0x0000029989d73000 ConcurrentGCThread "G1 Conc#0" [stack: 0x000000adfe800000,0x000000adfe900000] [id=9764]
  0x0000029989e0d800 ConcurrentGCThread "G1 Refine#0" [stack: 0x000000adfe900000,0x000000adfea00000] [id=5520]
  0x00000299a3ef0800 ConcurrentGCThread "G1 Young RemSet Sampling" [stack: 0x000000adfea00000,0x000000adfeb00000] [id=4140]

Threads with active compile tasks:
C2 CompilerThread01027708 16569       4       org.objectweb.asm.MethodWriter::visitSwitchInsn (174 bytes)

VM state:at safepoint (normal execution)

VM Mutex/Monitor currently owned by a thread:  ([mutex/lock_event])
[0x0000029989d24a50] Threads_lock - owner thread: 0x00000299a406f800
[0x0000029989d245d0] Heap_lock - owner thread: 0x00000299a8e8e800

Heap address: 0x0000000080000000, size: 2048 MB, Compressed Oops mode: 32-bit
Narrow klass base: 0x0000000000000000, Narrow klass shift: 3
Compressed class space size: 1073741824 Address: 0x0000000100000000

Heap:
 garbage-first heap   total 675840K, used 152559K [0x0000000080000000, 0x0000000100000000)
  region size 1024K, 5 young (5120K), 5 survivors (5120K)
 Metaspace       used 120257K, capacity 123591K, committed 123888K, reserved 1157120K
  class space    used 15233K, capacity 16475K, committed 16640K, reserved 1048576K
Heap Regions: E=young(eden), S=young(survivor), O=old, HS=humongous(starts), HC=humongous(continues), CS=collection set, F=free, A=archive, TAMS=top-at-mark-start (previous, next)
|   0|0x0000000080000000, 0x0000000080100000, 0x0000000080100000|100%|HS|  |TAMS 0x0000000080100000, 0x0000000080000000| Complete 
|   1|0x0000000080100000, 0x0000000080200000, 0x0000000080200000|100%|HC|  |TAMS 0x0000000080200000, 0x0000000080100000| Complete 
|   2|0x0000000080200000, 0x0000000080300000, 0x0000000080300000|100%|HC|  |TAMS 0x0000000080300000, 0x0000000080200000| Complete 
|   3|0x0000000080300000, 0x0000000080400000, 0x0000000080400000|100%| O|  |TAMS 0x0000000080400000, 0x0000000080300000| Untracked 
|   4|0x0000000080400000, 0x0000000080500000, 0x0000000080500000|100%| O|  |TAMS 0x0000000080500000, 0x0000000080400000| Untracked 
|   5|0x0000000080500000, 0x0000000080600000, 0x0000000080600000|100%| O|  |TAMS 0x0000000080600000, 0x0000000080500000| Untracked 
|   6|0x0000000080600000, 0x0000000080700000, 0x0000000080700000|100%| O|  |TAMS 0x0000000080700000, 0x0000000080600000| Untracked 
|   7|0x0000000080700000, 0x0000000080800000, 0x0000000080800000|100%| O|  |TAMS 0x0000000080800000, 0x0000000080700000| Untracked 
|   8|0x0000000080800000, 0x0000000080900000, 0x0000000080900000|100%| O|  |TAMS 0x0000000080900000, 0x0000000080800000| Untracked 
|   9|0x0000000080900000, 0x0000000080a00000, 0x0000000080a00000|100%| O|  |TAMS 0x0000000080a00000, 0x0000000080900000| Untracked 
|  10|0x0000000080a00000, 0x0000000080b00000, 0x0000000080b00000|100%|HS|  |TAMS 0x0000000080b00000, 0x0000000080a00000| Complete 
|  11|0x0000000080b00000, 0x0000000080c00000, 0x0000000080c00000|100%|HC|  |TAMS 0x0000000080c00000, 0x0000000080b00000| Complete 
|  12|0x0000000080c00000, 0x0000000080d00000, 0x0000000080d00000|100%|HS|  |TAMS 0x0000000080d00000, 0x0000000080c00000| Complete 
|  13|0x0000000080d00000, 0x0000000080e00000, 0x0000000080e00000|100%|HC|  |TAMS 0x0000000080e00000, 0x0000000080d00000| Complete 
|  14|0x0000000080e00000, 0x0000000080f00000, 0x0000000080f00000|100%|HC|  |TAMS 0x0000000080f00000, 0x0000000080e00000| Complete 
|  15|0x0000000080f00000, 0x0000000081000000, 0x0000000081000000|100%| O|  |TAMS 0x0000000081000000, 0x0000000080f00000| Untracked 
|  16|0x0000000081000000, 0x0000000081100000, 0x0000000081100000|100%| O|  |TAMS 0x0000000081100000, 0x0000000081000000| Untracked 
|  17|0x0000000081100000, 0x0000000081200000, 0x0000000081200000|100%| O|  |TAMS 0x0000000081200000, 0x0000000081100000| Untracked 
|  18|0x0000000081200000, 0x0000000081300000, 0x0000000081300000|100%| O|  |TAMS 0x0000000081300000, 0x0000000081200000| Untracked 
|  19|0x0000000081300000, 0x0000000081400000, 0x0000000081400000|100%| O|  |TAMS 0x0000000081400000, 0x0000000081300000| Untracked 
|  20|0x0000000081400000, 0x0000000081500000, 0x0000000081500000|100%| O|  |TAMS 0x0000000081500000, 0x0000000081400000| Untracked 
|  21|0x0000000081500000, 0x0000000081600000, 0x0000000081600000|100%| O|  |TAMS 0x0000000081600000, 0x0000000081500000| Untracked 
|  22|0x0000000081600000, 0x0000000081700000, 0x0000000081700000|100%|HS|  |TAMS 0x0000000081700000, 0x0000000081600000| Complete 
|  23|0x0000000081700000, 0x0000000081800000, 0x0000000081800000|100%|HC|  |TAMS 0x0000000081800000, 0x0000000081700000| Complete 
|  24|0x0000000081800000, 0x0000000081900000, 0x0000000081900000|100%|HC|  |TAMS 0x0000000081900000, 0x0000000081800000| Complete 
|  25|0x0000000081900000, 0x0000000081a00000, 0x0000000081a00000|100%|HC|  |TAMS 0x0000000081a00000, 0x0000000081900000| Complete 
|  26|0x0000000081a00000, 0x0000000081b00000, 0x0000000081b00000|100%|HS|  |TAMS 0x0000000081b00000, 0x0000000081a00000| Complete 
|  27|0x0000000081b00000, 0x0000000081c00000, 0x0000000081c00000|100%|HS|  |TAMS 0x0000000081c00000, 0x0000000081b00000| Complete 
|  28|0x0000000081c00000, 0x0000000081d00000, 0x0000000081d00000|100%|HS|  |TAMS 0x0000000081d00000, 0x0000000081c00000| Complete 
|  29|0x0000000081d00000, 0x0000000081e00000, 0x0000000081e00000|100%|HS|  |TAMS 0x0000000081e00000, 0x0000000081d00000| Complete 
|  30|0x0000000081e00000, 0x0000000081f00000, 0x0000000081f00000|100%|HC|  |TAMS 0x0000000081f00000, 0x0000000081e00000| Complete 
|  31|0x0000000081f00000, 0x0000000082000000, 0x0000000082000000|100%|HC|  |TAMS 0x0000000082000000, 0x0000000081f00000| Complete 
|  32|0x0000000082000000, 0x0000000082100000, 0x0000000082100000|100%|HS|  |TAMS 0x0000000082100000, 0x0000000082000000| Complete 
|  33|0x0000000082100000, 0x0000000082200000, 0x0000000082200000|100%| O|  |TAMS 0x0000000082200000, 0x0000000082100000| Untracked 
|  34|0x0000000082200000, 0x0000000082300000, 0x0000000082300000|100%| O|  |TAMS 0x0000000082300000, 0x0000000082200000| Untracked 
|  35|0x0000000082300000, 0x0000000082400000, 0x0000000082400000|100%| O|  |TAMS 0x0000000082400000, 0x0000000082300000| Untracked 
|  36|0x0000000082400000, 0x0000000082500000, 0x0000000082500000|100%| O|  |TAMS 0x0000000082500000, 0x0000000082400000| Untracked 
|  37|0x0000000082500000, 0x0000000082600000, 0x0000000082600000|100%|HS|  |TAMS 0x0000000082600000, 0x0000000082500000| Complete 
|  38|0x0000000082600000, 0x0000000082700000, 0x0000000082700000|100%|HC|  |TAMS 0x0000000082700000, 0x0000000082600000| Complete 
|  39|0x0000000082700000, 0x0000000082800000, 0x0000000082800000|100%|HC|  |TAMS 0x0000000082800000, 0x0000000082700000| Complete 
|  40|0x0000000082800000, 0x0000000082900000, 0x0000000082900000|100%|HC|  |TAMS 0x0000000082900000, 0x0000000082800000| Complete 
|  41|0x0000000082900000, 0x0000000082a00000, 0x0000000082a00000|100%|HS|  |TAMS 0x0000000082a00000, 0x0000000082900000| Complete 
|  42|0x0000000082a00000, 0x0000000082b00000, 0x0000000082b00000|100%|HC|  |TAMS 0x0000000082b00000, 0x0000000082a00000| Complete 
|  43|0x0000000082b00000, 0x0000000082c00000, 0x0000000082c00000|100%|HC|  |TAMS 0x0000000082c00000, 0x0000000082b00000| Complete 
|  44|0x0000000082c00000, 0x0000000082d00000, 0x0000000082d00000|100%| O|  |TAMS 0x0000000082d00000, 0x0000000082c00000| Untracked 
|  45|0x0000000082d00000, 0x0000000082e00000, 0x0000000082e00000|100%| O|  |TAMS 0x0000000082e00000, 0x0000000082d00000| Untracked 
|  46|0x0000000082e00000, 0x0000000082f00000, 0x0000000082f00000|100%| O|  |TAMS 0x0000000082f00000, 0x0000000082e00000| Untracked 
|  47|0x0000000082f00000, 0x0000000083000000, 0x0000000083000000|100%| O|  |TAMS 0x0000000083000000, 0x0000000082f00000| Untracked 
|  48|0x0000000083000000, 0x0000000083100000, 0x0000000083100000|100%| O|  |TAMS 0x0000000083100000, 0x0000000083000000| Untracked 
|  49|0x0000000083100000, 0x0000000083200000, 0x0000000083200000|100%| O|  |TAMS 0x0000000083200000, 0x0000000083100000| Untracked 
|  50|0x0000000083200000, 0x0000000083300000, 0x0000000083300000|100%| O|  |TAMS 0x0000000083300000, 0x0000000083200000| Untracked 
|  51|0x0000000083300000, 0x0000000083400000, 0x0000000083400000|100%| O|  |TAMS 0x0000000083400000, 0x0000000083300000| Untracked 
|  52|0x0000000083400000, 0x0000000083500000, 0x0000000083500000|100%| O|  |TAMS 0x0000000083500000, 0x0000000083400000| Untracked 
|  53|0x0000000083500000, 0x0000000083600000, 0x0000000083600000|100%| O|  |TAMS 0x0000000083600000, 0x0000000083500000| Untracked 
|  54|0x0000000083600000, 0x0000000083700000, 0x0000000083700000|100%| O|  |TAMS 0x0000000083700000, 0x0000000083600000| Untracked 
|  55|0x0000000083700000, 0x0000000083800000, 0x0000000083800000|100%| O|  |TAMS 0x0000000083800000, 0x0000000083700000| Untracked 
|  56|0x0000000083800000, 0x0000000083900000, 0x0000000083900000|100%| O|  |TAMS 0x0000000083900000, 0x0000000083800000| Untracked 
|  57|0x0000000083900000, 0x0000000083a00000, 0x0000000083a00000|100%| O|  |TAMS 0x0000000083a00000, 0x0000000083900000| Untracked 
|  58|0x0000000083a00000, 0x0000000083b00000, 0x0000000083b00000|100%|HS|  |TAMS 0x0000000083b00000, 0x0000000083a00000| Complete 
|  59|0x0000000083b00000, 0x0000000083c00000, 0x0000000083c00000|100%|HC|  |TAMS 0x0000000083c00000, 0x0000000083b00000| Complete 
|  60|0x0000000083c00000, 0x0000000083d00000, 0x0000000083d00000|100%| O|  |TAMS 0x0000000083d00000, 0x0000000083c00000| Untracked 
|  61|0x0000000083d00000, 0x0000000083e00000, 0x0000000083e00000|100%| O|  |TAMS 0x0000000083e00000, 0x0000000083d00000| Untracked 
|  62|0x0000000083e00000, 0x0000000083f00000, 0x0000000083f00000|100%| O|  |TAMS 0x0000000083f00000, 0x0000000083e00000| Untracked 
|  63|0x0000000083f00000, 0x0000000084000000, 0x0000000084000000|100%| O|  |TAMS 0x0000000084000000, 0x0000000083f00000| Untracked 
|  64|0x0000000084000000, 0x0000000084100000, 0x0000000084100000|100%| O|  |TAMS 0x0000000084100000, 0x0000000084000000| Untracked 
|  65|0x0000000084100000, 0x0000000084200000, 0x0000000084200000|100%| O|  |TAMS 0x0000000084200000, 0x0000000084100000| Untracked 
|  66|0x0000000084200000, 0x0000000084300000, 0x0000000084300000|100%| O|  |TAMS 0x0000000084300000, 0x0000000084200000| Untracked 
|  67|0x0000000084300000, 0x0000000084400000, 0x0000000084400000|100%| O|  |TAMS 0x0000000084400000, 0x0000000084300000| Untracked 
|  68|0x0000000084400000, 0x0000000084500000, 0x0000000084500000|100%| O|  |TAMS 0x0000000084500000, 0x0000000084400000| Untracked 
|  69|0x0000000084500000, 0x00000000845fbe00, 0x0000000084600000| 98%| O|  |TAMS 0x00000000845fbe00, 0x0000000084500000| Untracked 
|  70|0x0000000084600000, 0x0000000084700000, 0x0000000084700000|100%| O|  |TAMS 0x0000000084700000, 0x0000000084600000| Untracked 
|  71|0x0000000084700000, 0x0000000084800000, 0x0000000084800000|100%| O|  |TAMS 0x0000000084800000, 0x0000000084700000| Untracked 
|  72|0x0000000084800000, 0x0000000084900000, 0x0000000084900000|100%| O|  |TAMS 0x0000000084900000, 0x0000000084800000| Untracked 
|  73|0x0000000084900000, 0x0000000084a00000, 0x0000000084a00000|100%| O|  |TAMS 0x0000000084a00000, 0x0000000084900000| Untracked 
|  74|0x0000000084a00000, 0x0000000084b00000, 0x0000000084b00000|100%| O|  |TAMS 0x0000000084b00000, 0x0000000084a00000| Untracked 
|  75|0x0000000084b00000, 0x0000000084c00000, 0x0000000084c00000|100%|HS|  |TAMS 0x0000000084c00000, 0x0000000084b00000| Complete 
|  76|0x0000000084c00000, 0x0000000084d00000, 0x0000000084d00000|100%|HC|  |TAMS 0x0000000084d00000, 0x0000000084c00000| Complete 
|  77|0x0000000084d00000, 0x0000000084e00000, 0x0000000084e00000|100%|HS|  |TAMS 0x0000000084e00000, 0x0000000084d00000| Complete 
|  78|0x0000000084e00000, 0x0000000084f00000, 0x0000000084f00000|100%|HC|  |TAMS 0x0000000084f00000, 0x0000000084e00000| Complete 
|  79|0x0000000084f00000, 0x0000000085000000, 0x0000000085000000|100%|HC|  |TAMS 0x0000000085000000, 0x0000000084f00000| Complete 
|  80|0x0000000085000000, 0x0000000085100000, 0x0000000085100000|100%|HS|  |TAMS 0x0000000085100000, 0x0000000085000000| Complete 
|  81|0x0000000085100000, 0x0000000085200000, 0x0000000085200000|100%|HC|  |TAMS 0x0000000085200000, 0x0000000085100000| Complete 
|  82|0x0000000085200000, 0x0000000085300000, 0x0000000085300000|100%|HC|  |TAMS 0x0000000085300000, 0x0000000085200000| Complete 
|  83|0x0000000085300000, 0x0000000085400000, 0x0000000085400000|100%|HC|  |TAMS 0x0000000085400000, 0x0000000085300000| Complete 
|  84|0x0000000085400000, 0x0000000085500000, 0x0000000085500000|100%| O|  |TAMS 0x0000000085500000, 0x0000000085400000| Untracked 
|  85|0x0000000085500000, 0x0000000085600000, 0x0000000085600000|100%| O|  |TAMS 0x0000000085600000, 0x0000000085500000| Untracked 
|  86|0x0000000085600000, 0x0000000085700000, 0x0000000085700000|100%| O|  |TAMS 0x0000000085700000, 0x0000000085600000| Untracked 
|  87|0x0000000085700000, 0x0000000085800000, 0x0000000085800000|100%| O|  |TAMS 0x0000000085800000, 0x0000000085700000| Untracked 
|  88|0x0000000085800000, 0x0000000085900000, 0x0000000085900000|100%| O|  |TAMS 0x0000000085900000, 0x0000000085800000| Untracked 
|  89|0x0000000085900000, 0x0000000085a00000, 0x0000000085a00000|100%| O|  |TAMS 0x0000000085a00000, 0x0000000085900000| Untracked 
|  90|0x0000000085a00000, 0x0000000085b00000, 0x0000000085b00000|100%| O|  |TAMS 0x0000000085b00000, 0x0000000085a00000| Untracked 
|  91|0x0000000085b00000, 0x0000000085c00000, 0x0000000085c00000|100%| O|  |TAMS 0x0000000085c00000, 0x0000000085b00000| Untracked 
|  92|0x0000000085c00000, 0x0000000085d00000, 0x0000000085d00000|100%| O|  |TAMS 0x0000000085d00000, 0x0000000085c00000| Untracked 
|  93|0x0000000085d00000, 0x0000000085e00000, 0x0000000085e00000|100%| O|  |TAMS 0x0000000085e00000, 0x0000000085d00000| Untracked 
|  94|0x0000000085e00000, 0x0000000085f00000, 0x0000000085f00000|100%| O|  |TAMS 0x0000000085f00000, 0x0000000085e00000| Untracked 
|  95|0x0000000085f00000, 0x0000000086000000, 0x0000000086000000|100%| O|  |TAMS 0x0000000086000000, 0x0000000085f00000| Untracked 
|  96|0x0000000086000000, 0x0000000086100000, 0x0000000086100000|100%| O|  |TAMS 0x0000000086100000, 0x0000000086000000| Untracked 
|  97|0x0000000086100000, 0x0000000086200000, 0x0000000086200000|100%| O|  |TAMS 0x0000000086200000, 0x0000000086100000| Untracked 
|  98|0x0000000086200000, 0x0000000086300000, 0x0000000086300000|100%| O|  |TAMS 0x0000000086300000, 0x0000000086200000| Untracked 
|  99|0x0000000086300000, 0x0000000086400000, 0x0000000086400000|100%| O|  |TAMS 0x0000000086400000, 0x0000000086300000| Untracked 
| 100|0x0000000086400000, 0x0000000086500000, 0x0000000086500000|100%| O|  |TAMS 0x0000000086500000, 0x0000000086400000| Untracked 
| 101|0x0000000086500000, 0x0000000086600000, 0x0000000086600000|100%| O|  |TAMS 0x0000000086600000, 0x0000000086500000| Untracked 
| 102|0x0000000086600000, 0x0000000086700000, 0x0000000086700000|100%| O|  |TAMS 0x0000000086700000, 0x0000000086600000| Untracked 
| 103|0x0000000086700000, 0x0000000086800000, 0x0000000086800000|100%| O|  |TAMS 0x0000000086800000, 0x0000000086700000| Untracked 
| 104|0x0000000086800000, 0x0000000086900000, 0x0000000086900000|100%| O|  |TAMS 0x0000000086900000, 0x0000000086800000| Untracked 
| 105|0x0000000086900000, 0x0000000086900000, 0x0000000086a00000|  0%| F|  |TAMS 0x0000000086900000, 0x0000000086900000| Untracked 
| 106|0x0000000086a00000, 0x0000000086b00000, 0x0000000086b00000|100%| O|  |TAMS 0x0000000086b00000, 0x0000000086a00000| Untracked 
| 107|0x0000000086b00000, 0x0000000086c00000, 0x0000000086c00000|100%| O|  |TAMS 0x0000000086c00000, 0x0000000086b00000| Untracked 
| 108|0x0000000086c00000, 0x0000000086d00000, 0x0000000086d00000|100%| O|  |TAMS 0x0000000086d00000, 0x0000000086c00000| Untracked 
| 109|0x0000000086d00000, 0x0000000086e00000, 0x0000000086e00000|100%| O|  |TAMS 0x0000000086e00000, 0x0000000086d00000| Untracked 
| 110|0x0000000086e00000, 0x0000000086f00000, 0x0000000086f00000|100%| O|  |TAMS 0x0000000086f00000, 0x0000000086e00000| Untracked 
| 111|0x0000000086f00000, 0x0000000087000000, 0x0000000087000000|100%| O|  |TAMS 0x0000000087000000, 0x0000000086f00000| Untracked 
| 112|0x0000000087000000, 0x0000000087100000, 0x0000000087100000|100%| O|  |TAMS 0x0000000087100000, 0x0000000087000000| Untracked 
| 113|0x0000000087100000, 0x0000000087100000, 0x0000000087200000|  0%| F|  |TAMS 0x0000000087100000, 0x0000000087100000| Untracked 
| 114|0x0000000087200000, 0x0000000087300000, 0x0000000087300000|100%| O|  |TAMS 0x0000000087300000, 0x0000000087200000| Untracked 
| 115|0x0000000087300000, 0x0000000087400000, 0x0000000087400000|100%| O|  |TAMS 0x0000000087400000, 0x0000000087300000| Untracked 
| 116|0x0000000087400000, 0x0000000087500000, 0x0000000087500000|100%| O|  |TAMS 0x0000000087500000, 0x0000000087400000| Untracked 
| 117|0x0000000087500000, 0x0000000087500000, 0x0000000087600000|  0%| F|  |TAMS 0x0000000087500000, 0x0000000087500000| Untracked 
| 118|0x0000000087600000, 0x0000000087700000, 0x0000000087700000|100%| O|  |TAMS 0x0000000087700000, 0x0000000087600000| Untracked 
| 119|0x0000000087700000, 0x0000000087800000, 0x0000000087800000|100%| O|  |TAMS 0x0000000087800000, 0x0000000087700000| Untracked 
| 120|0x0000000087800000, 0x0000000087900000, 0x0000000087900000|100%| O|  |TAMS 0x0000000087900000, 0x0000000087800000| Untracked 
| 121|0x0000000087900000, 0x0000000087a00000, 0x0000000087a00000|100%| O|  |TAMS 0x0000000087a00000, 0x0000000087900000| Untracked 
| 122|0x0000000087a00000, 0x0000000087b00000, 0x0000000087b00000|100%| O|  |TAMS 0x0000000087b00000, 0x0000000087a00000| Untracked 
| 123|0x0000000087b00000, 0x0000000087b00000, 0x0000000087c00000|  0%| F|  |TAMS 0x0000000087b00000, 0x0000000087b00000| Untracked 
| 124|0x0000000087c00000, 0x0000000087d00000, 0x0000000087d00000|100%| O|  |TAMS 0x0000000087d00000, 0x0000000087c00000| Untracked 
| 125|0x0000000087d00000, 0x0000000087e00000, 0x0000000087e00000|100%| O|  |TAMS 0x0000000087e00000, 0x0000000087d00000| Untracked 
| 126|0x0000000087e00000, 0x0000000087f00000, 0x0000000087f00000|100%| O|  |TAMS 0x0000000087f00000, 0x0000000087e00000| Untracked 
| 127|0x0000000087f00000, 0x0000000088000000, 0x0000000088000000|100%| O|  |TAMS 0x0000000088000000, 0x0000000087f00000| Untracked 
| 128|0x0000000088000000, 0x0000000088100000, 0x0000000088100000|100%| O|  |TAMS 0x0000000088100000, 0x0000000088000000| Untracked 
| 129|0x0000000088100000, 0x0000000088200000, 0x0000000088200000|100%| O|  |TAMS 0x0000000088200000, 0x0000000088100000| Untracked 
| 130|0x0000000088200000, 0x0000000088300000, 0x0000000088300000|100%| O|  |TAMS 0x0000000088300000, 0x0000000088200000| Untracked 
| 131|0x0000000088300000, 0x0000000088400000, 0x0000000088400000|100%| O|  |TAMS 0x0000000088400000, 0x0000000088300000| Untracked 
| 132|0x0000000088400000, 0x0000000088500000, 0x0000000088500000|100%| O|  |TAMS 0x0000000088500000, 0x0000000088400000| Untracked 
| 133|0x0000000088500000, 0x0000000088600000, 0x0000000088600000|100%| O|  |TAMS 0x0000000088600000, 0x0000000088500000| Untracked 
| 134|0x0000000088600000, 0x0000000088700000, 0x0000000088700000|100%| O|  |TAMS 0x0000000088700000, 0x0000000088600000| Untracked 
| 135|0x0000000088700000, 0x0000000088800000, 0x0000000088800000|100%| O|  |TAMS 0x0000000088800000, 0x0000000088700000| Untracked 
| 136|0x0000000088800000, 0x0000000088900000, 0x0000000088900000|100%| O|  |TAMS 0x0000000088900000, 0x0000000088800000| Untracked 
| 137|0x0000000088900000, 0x0000000088a00000, 0x0000000088a00000|100%| O|  |TAMS 0x0000000088a00000, 0x0000000088900000| Untracked 
| 138|0x0000000088a00000, 0x0000000088b00000, 0x0000000088b00000|100%| O|  |TAMS 0x0000000088b00000, 0x0000000088a00000| Untracked 
| 139|0x0000000088b00000, 0x0000000088c00000, 0x0000000088c00000|100%| O|  |TAMS 0x0000000088c00000, 0x0000000088b00000| Untracked 
| 140|0x0000000088c00000, 0x0000000088d00000, 0x0000000088d00000|100%| O|  |TAMS 0x0000000088d00000, 0x0000000088c00000| Untracked 
| 141|0x0000000088d00000, 0x0000000088e00000, 0x0000000088e00000|100%| O|  |TAMS 0x0000000088e00000, 0x0000000088d00000| Untracked 
| 142|0x0000000088e00000, 0x0000000088f00000, 0x0000000088f00000|100%| O|  |TAMS 0x0000000088f00000, 0x0000000088e00000| Untracked 
| 143|0x0000000088f00000, 0x0000000089000000, 0x0000000089000000|100%| O|  |TAMS 0x0000000089000000, 0x0000000088f00000| Untracked 
| 144|0x0000000089000000, 0x0000000089100000, 0x0000000089100000|100%| O|  |TAMS 0x0000000089100000, 0x0000000089000000| Untracked 
| 145|0x0000000089100000, 0x0000000089100000, 0x0000000089200000|  0%| F|  |TAMS 0x0000000089100000, 0x0000000089100000| Untracked 
| 146|0x0000000089200000, 0x0000000089200000, 0x0000000089300000|  0%| F|  |TAMS 0x0000000089200000, 0x0000000089200000| Untracked 
| 147|0x0000000089300000, 0x0000000089400000, 0x0000000089400000|100%|HS|  |TAMS 0x0000000089400000, 0x0000000089300000| Complete 
| 148|0x0000000089400000, 0x0000000089500000, 0x0000000089500000|100%|HC|  |TAMS 0x0000000089500000, 0x0000000089400000| Complete 
| 149|0x0000000089500000, 0x0000000089600000, 0x0000000089600000|100%|HC|  |TAMS 0x0000000089600000, 0x0000000089500000| Complete 
| 150|0x0000000089600000, 0x0000000089600000, 0x0000000089700000|  0%| F|  |TAMS 0x0000000089600000, 0x0000000089600000| Untracked 
| 151|0x0000000089700000, 0x0000000089700000, 0x0000000089800000|  0%| F|  |TAMS 0x0000000089700000, 0x0000000089700000| Untracked 
| 152|0x0000000089800000, 0x0000000089800000, 0x0000000089900000|  0%| F|  |TAMS 0x0000000089800000, 0x0000000089800000| Untracked 
| 153|0x0000000089900000, 0x0000000089900000, 0x0000000089a00000|  0%| F|  |TAMS 0x0000000089900000, 0x0000000089900000| Untracked 
| 154|0x0000000089a00000, 0x0000000089a00000, 0x0000000089b00000|  0%| F|  |TAMS 0x0000000089a00000, 0x0000000089a00000| Untracked 
| 155|0x0000000089b00000, 0x0000000089b00000, 0x0000000089c00000|  0%| F|  |TAMS 0x0000000089b00000, 0x0000000089b00000| Untracked 
| 156|0x0000000089c00000, 0x0000000089c00000, 0x0000000089d00000|  0%| F|  |TAMS 0x0000000089c00000, 0x0000000089c00000| Untracked 
| 157|0x0000000089d00000, 0x0000000089d00000, 0x0000000089e00000|  0%| F|  |TAMS 0x0000000089d00000, 0x0000000089d00000| Untracked 
| 158|0x0000000089e00000, 0x0000000089e00000, 0x0000000089f00000|  0%| F|  |TAMS 0x0000000089e00000, 0x0000000089e00000| Untracked 
| 159|0x0000000089f00000, 0x0000000089f00000, 0x000000008a000000|  0%| F|  |TAMS 0x0000000089f00000, 0x0000000089f00000| Untracked 
| 160|0x000000008a000000, 0x000000008a000000, 0x000000008a100000|  0%| F|  |TAMS 0x000000008a000000, 0x000000008a000000| Untracked 
| 161|0x000000008a100000, 0x000000008a100000, 0x000000008a200000|  0%| F|  |TAMS 0x000000008a100000, 0x000000008a100000| Untracked 
| 162|0x000000008a200000, 0x000000008a200000, 0x000000008a300000|  0%| F|  |TAMS 0x000000008a200000, 0x000000008a200000| Untracked 
| 163|0x000000008a300000, 0x000000008a300000, 0x000000008a400000|  0%| F|  |TAMS 0x000000008a300000, 0x000000008a300000| Untracked 
| 164|0x000000008a400000, 0x000000008a400000, 0x000000008a500000|  0%| F|  |TAMS 0x000000008a400000, 0x000000008a400000| Untracked 
| 165|0x000000008a500000, 0x000000008a500000, 0x000000008a600000|  0%| F|  |TAMS 0x000000008a500000, 0x000000008a500000| Untracked 
| 166|0x000000008a600000, 0x000000008a600000, 0x000000008a700000|  0%| F|  |TAMS 0x000000008a600000, 0x000000008a600000| Untracked 
| 167|0x000000008a700000, 0x000000008a700000, 0x000000008a800000|  0%| F|  |TAMS 0x000000008a700000, 0x000000008a700000| Untracked 
| 168|0x000000008a800000, 0x000000008a800000, 0x000000008a900000|  0%| F|  |TAMS 0x000000008a800000, 0x000000008a800000| Untracked 
| 169|0x000000008a900000, 0x000000008a900000, 0x000000008aa00000|  0%| F|  |TAMS 0x000000008a900000, 0x000000008a900000| Untracked 
| 170|0x000000008aa00000, 0x000000008aa00000, 0x000000008ab00000|  0%| F|  |TAMS 0x000000008aa00000, 0x000000008aa00000| Untracked 
| 171|0x000000008ab00000, 0x000000008ab00000, 0x000000008ac00000|  0%| F|  |TAMS 0x000000008ab00000, 0x000000008ab00000| Untracked 
| 172|0x000000008ac00000, 0x000000008ac00000, 0x000000008ad00000|  0%| F|  |TAMS 0x000000008ac00000, 0x000000008ac00000| Untracked 
| 173|0x000000008ad00000, 0x000000008ae00000, 0x000000008ae00000|100%| S|CS|TAMS 0x000000008ad00000, 0x000000008ad00000| Complete 
| 174|0x000000008ae00000, 0x000000008ae00000, 0x000000008af00000|  0%| F|  |TAMS 0x000000008ae00000, 0x000000008ae00000| Untracked 
| 175|0x000000008af00000, 0x000000008b000000, 0x000000008b000000|100%| S|CS|TAMS 0x000000008af00000, 0x000000008af00000| Complete 
| 176|0x000000008b000000, 0x000000008b100000, 0x000000008b100000|100%| S|CS|TAMS 0x000000008b000000, 0x000000008b000000| Complete 
| 177|0x000000008b100000, 0x000000008b100000, 0x000000008b200000|  0%| F|  |TAMS 0x000000008b100000, 0x000000008b100000| Untracked 
| 178|0x000000008b200000, 0x000000008b300000, 0x000000008b300000|100%| S|CS|TAMS 0x000000008b200000, 0x000000008b200000| Complete 
| 179|0x000000008b300000, 0x000000008b400000, 0x000000008b400000|100%| S|CS|TAMS 0x000000008b300000, 0x000000008b300000| Complete 
| 180|0x000000008b400000, 0x000000008b400000, 0x000000008b500000|  0%| F|  |TAMS 0x000000008b400000, 0x000000008b400000| Untracked 
| 181|0x000000008b500000, 0x000000008b500000, 0x000000008b600000|  0%| F|  |TAMS 0x000000008b500000, 0x000000008b500000| Untracked 
| 182|0x000000008b600000, 0x000000008b600000, 0x000000008b700000|  0%| F|  |TAMS 0x000000008b600000, 0x000000008b600000| Untracked 
| 183|0x000000008b700000, 0x000000008b700000, 0x000000008b800000|  0%| F|  |TAMS 0x000000008b700000, 0x000000008b700000| Untracked 
| 184|0x000000008b800000, 0x000000008b800000, 0x000000008b900000|  0%| F|  |TAMS 0x000000008b800000, 0x000000008b800000| Untracked 
| 185|0x000000008b900000, 0x000000008b900000, 0x000000008ba00000|  0%| F|  |TAMS 0x000000008b900000, 0x000000008b900000| Untracked 
| 186|0x000000008ba00000, 0x000000008ba00000, 0x000000008bb00000|  0%| F|  |TAMS 0x000000008ba00000, 0x000000008ba00000| Untracked 
| 187|0x000000008bb00000, 0x000000008bb00000, 0x000000008bc00000|  0%| F|  |TAMS 0x000000008bb00000, 0x000000008bb00000| Untracked 
| 188|0x000000008bc00000, 0x000000008bc00000, 0x000000008bd00000|  0%| F|  |TAMS 0x000000008bc00000, 0x000000008bc00000| Untracked 
| 189|0x000000008bd00000, 0x000000008bd00000, 0x000000008be00000|  0%| F|  |TAMS 0x000000008bd00000, 0x000000008bd00000| Untracked 
| 190|0x000000008be00000, 0x000000008be00000, 0x000000008bf00000|  0%| F|  |TAMS 0x000000008be00000, 0x000000008be00000| Untracked 
| 191|0x000000008bf00000, 0x000000008bf00000, 0x000000008c000000|  0%| F|  |TAMS 0x000000008bf00000, 0x000000008bf00000| Untracked 
| 192|0x000000008c000000, 0x000000008c000000, 0x000000008c100000|  0%| F|  |TAMS 0x000000008c000000, 0x000000008c000000| Untracked 
| 193|0x000000008c100000, 0x000000008c100000, 0x000000008c200000|  0%| F|  |TAMS 0x000000008c100000, 0x000000008c100000| Untracked 
| 194|0x000000008c200000, 0x000000008c200000, 0x000000008c300000|  0%| F|  |TAMS 0x000000008c200000, 0x000000008c200000| Untracked 
| 195|0x000000008c300000, 0x000000008c300000, 0x000000008c400000|  0%| F|  |TAMS 0x000000008c300000, 0x000000008c300000| Untracked 
| 196|0x000000008c400000, 0x000000008c400000, 0x000000008c500000|  0%| F|  |TAMS 0x000000008c400000, 0x000000008c400000| Untracked 
| 197|0x000000008c500000, 0x000000008c500000, 0x000000008c600000|  0%| F|  |TAMS 0x000000008c500000, 0x000000008c500000| Untracked 
| 198|0x000000008c600000, 0x000000008c600000, 0x000000008c700000|  0%| F|  |TAMS 0x000000008c600000, 0x000000008c600000| Untracked 
| 199|0x000000008c700000, 0x000000008c700000, 0x000000008c800000|  0%| F|  |TAMS 0x000000008c700000, 0x000000008c700000| Untracked 
| 200|0x000000008c800000, 0x000000008c800000, 0x000000008c900000|  0%| F|  |TAMS 0x000000008c800000, 0x000000008c800000| Untracked 
| 201|0x000000008c900000, 0x000000008c900000, 0x000000008ca00000|  0%| F|  |TAMS 0x000000008c900000, 0x000000008c900000| Untracked 
| 202|0x000000008ca00000, 0x000000008ca00000, 0x000000008cb00000|  0%| F|  |TAMS 0x000000008ca00000, 0x000000008ca00000| Untracked 
| 203|0x000000008cb00000, 0x000000008cb00000, 0x000000008cc00000|  0%| F|  |TAMS 0x000000008cb00000, 0x000000008cb00000| Untracked 
| 204|0x000000008cc00000, 0x000000008cc00000, 0x000000008cd00000|  0%| F|  |TAMS 0x000000008cc00000, 0x000000008cc00000| Untracked 
| 205|0x000000008cd00000, 0x000000008cd00000, 0x000000008ce00000|  0%| F|  |TAMS 0x000000008cd00000, 0x000000008cd00000| Untracked 
| 206|0x000000008ce00000, 0x000000008ce00000, 0x000000008cf00000|  0%| F|  |TAMS 0x000000008ce00000, 0x000000008ce00000| Untracked 
| 207|0x000000008cf00000, 0x000000008cf00000, 0x000000008d000000|  0%| F|  |TAMS 0x000000008cf00000, 0x000000008cf00000| Untracked 
| 208|0x000000008d000000, 0x000000008d000000, 0x000000008d100000|  0%| F|  |TAMS 0x000000008d000000, 0x000000008d000000| Untracked 
| 209|0x000000008d100000, 0x000000008d100000, 0x000000008d200000|  0%| F|  |TAMS 0x000000008d100000, 0x000000008d100000| Untracked 
| 210|0x000000008d200000, 0x000000008d200000, 0x000000008d300000|  0%| F|  |TAMS 0x000000008d200000, 0x000000008d200000| Untracked 
| 211|0x000000008d300000, 0x000000008d300000, 0x000000008d400000|  0%| F|  |TAMS 0x000000008d300000, 0x000000008d300000| Untracked 
| 212|0x000000008d400000, 0x000000008d400000, 0x000000008d500000|  0%| F|  |TAMS 0x000000008d400000, 0x000000008d400000| Untracked 
| 213|0x000000008d500000, 0x000000008d500000, 0x000000008d600000|  0%| F|  |TAMS 0x000000008d500000, 0x000000008d500000| Untracked 
| 214|0x000000008d600000, 0x000000008d600000, 0x000000008d700000|  0%| F|  |TAMS 0x000000008d600000, 0x000000008d600000| Untracked 
| 215|0x000000008d700000, 0x000000008d700000, 0x000000008d800000|  0%| F|  |TAMS 0x000000008d700000, 0x000000008d700000| Untracked 
| 216|0x000000008d800000, 0x000000008d800000, 0x000000008d900000|  0%| F|  |TAMS 0x000000008d800000, 0x000000008d800000| Untracked 
| 217|0x000000008d900000, 0x000000008d900000, 0x000000008da00000|  0%| F|  |TAMS 0x000000008d900000, 0x000000008d900000| Untracked 
| 218|0x000000008da00000, 0x000000008da00000, 0x000000008db00000|  0%| F|  |TAMS 0x000000008da00000, 0x000000008da00000| Untracked 
| 219|0x000000008db00000, 0x000000008db00000, 0x000000008dc00000|  0%| F|  |TAMS 0x000000008db00000, 0x000000008db00000| Untracked 
| 220|0x000000008dc00000, 0x000000008dc00000, 0x000000008dd00000|  0%| F|  |TAMS 0x000000008dc00000, 0x000000008dc00000| Untracked 
| 221|0x000000008dd00000, 0x000000008dd00000, 0x000000008de00000|  0%| F|  |TAMS 0x000000008dd00000, 0x000000008dd00000| Untracked 
| 222|0x000000008de00000, 0x000000008de00000, 0x000000008df00000|  0%| F|  |TAMS 0x000000008de00000, 0x000000008de00000| Untracked 
| 223|0x000000008df00000, 0x000000008df00000, 0x000000008e000000|  0%| F|  |TAMS 0x000000008df00000, 0x000000008df00000| Untracked 
| 224|0x000000008e000000, 0x000000008e000000, 0x000000008e100000|  0%| F|  |TAMS 0x000000008e000000, 0x000000008e000000| Untracked 
| 225|0x000000008e100000, 0x000000008e100000, 0x000000008e200000|  0%| F|  |TAMS 0x000000008e100000, 0x000000008e100000| Untracked 
| 226|0x000000008e200000, 0x000000008e200000, 0x000000008e300000|  0%| F|  |TAMS 0x000000008e200000, 0x000000008e200000| Untracked 
| 227|0x000000008e300000, 0x000000008e300000, 0x000000008e400000|  0%| F|  |TAMS 0x000000008e300000, 0x000000008e300000| Untracked 
| 228|0x000000008e400000, 0x000000008e400000, 0x000000008e500000|  0%| F|  |TAMS 0x000000008e400000, 0x000000008e400000| Untracked 
| 229|0x000000008e500000, 0x000000008e500000, 0x000000008e600000|  0%| F|  |TAMS 0x000000008e500000, 0x000000008e500000| Untracked 
| 230|0x000000008e600000, 0x000000008e600000, 0x000000008e700000|  0%| F|  |TAMS 0x000000008e600000, 0x000000008e600000| Untracked 
| 231|0x000000008e700000, 0x000000008e700000, 0x000000008e800000|  0%| F|  |TAMS 0x000000008e700000, 0x000000008e700000| Untracked 
| 232|0x000000008e800000, 0x000000008e800000, 0x000000008e900000|  0%| F|  |TAMS 0x000000008e800000, 0x000000008e800000| Untracked 
| 233|0x000000008e900000, 0x000000008e900000, 0x000000008ea00000|  0%| F|  |TAMS 0x000000008e900000, 0x000000008e900000| Untracked 
| 234|0x000000008ea00000, 0x000000008ea00000, 0x000000008eb00000|  0%| F|  |TAMS 0x000000008ea00000, 0x000000008ea00000| Untracked 
| 235|0x000000008eb00000, 0x000000008eb00000, 0x000000008ec00000|  0%| F|  |TAMS 0x000000008eb00000, 0x000000008eb00000| Untracked 
| 236|0x000000008ec00000, 0x000000008ec00000, 0x000000008ed00000|  0%| F|  |TAMS 0x000000008ec00000, 0x000000008ec00000| Untracked 
| 237|0x000000008ed00000, 0x000000008ed00000, 0x000000008ee00000|  0%| F|  |TAMS 0x000000008ed00000, 0x000000008ed00000| Untracked 
| 238|0x000000008ee00000, 0x000000008ee00000, 0x000000008ef00000|  0%| F|  |TAMS 0x000000008ee00000, 0x000000008ee00000| Untracked 
| 239|0x000000008ef00000, 0x000000008ef00000, 0x000000008f000000|  0%| F|  |TAMS 0x000000008ef00000, 0x000000008ef00000| Untracked 
| 240|0x000000008f000000, 0x000000008f000000, 0x000000008f100000|  0%| F|  |TAMS 0x000000008f000000, 0x000000008f000000| Untracked 
| 241|0x000000008f100000, 0x000000008f100000, 0x000000008f200000|  0%| F|  |TAMS 0x000000008f100000, 0x000000008f100000| Untracked 
| 242|0x000000008f200000, 0x000000008f200000, 0x000000008f300000|  0%| F|  |TAMS 0x000000008f200000, 0x000000008f200000| Untracked 
| 243|0x000000008f300000, 0x000000008f300000, 0x000000008f400000|  0%| F|  |TAMS 0x000000008f300000, 0x000000008f300000| Untracked 
| 244|0x000000008f400000, 0x000000008f400000, 0x000000008f500000|  0%| F|  |TAMS 0x000000008f400000, 0x000000008f400000| Untracked 
| 245|0x000000008f500000, 0x000000008f500000, 0x000000008f600000|  0%| F|  |TAMS 0x000000008f500000, 0x000000008f500000| Untracked 
| 246|0x000000008f600000, 0x000000008f600000, 0x000000008f700000|  0%| F|  |TAMS 0x000000008f600000, 0x000000008f600000| Untracked 
| 247|0x000000008f700000, 0x000000008f700000, 0x000000008f800000|  0%| F|  |TAMS 0x000000008f700000, 0x000000008f700000| Untracked 
| 248|0x000000008f800000, 0x000000008f800000, 0x000000008f900000|  0%| F|  |TAMS 0x000000008f800000, 0x000000008f800000| Untracked 
| 249|0x000000008f900000, 0x000000008f900000, 0x000000008fa00000|  0%| F|  |TAMS 0x000000008f900000, 0x000000008f900000| Untracked 
| 250|0x000000008fa00000, 0x000000008fa00000, 0x000000008fb00000|  0%| F|  |TAMS 0x000000008fa00000, 0x000000008fa00000| Untracked 
| 251|0x000000008fb00000, 0x000000008fb00000, 0x000000008fc00000|  0%| F|  |TAMS 0x000000008fb00000, 0x000000008fb00000| Untracked 
| 252|0x000000008fc00000, 0x000000008fc00000, 0x000000008fd00000|  0%| F|  |TAMS 0x000000008fc00000, 0x000000008fc00000| Untracked 
| 253|0x000000008fd00000, 0x000000008fd00000, 0x000000008fe00000|  0%| F|  |TAMS 0x000000008fd00000, 0x000000008fd00000| Untracked 
| 254|0x000000008fe00000, 0x000000008fe00000, 0x000000008ff00000|  0%| F|  |TAMS 0x000000008fe00000, 0x000000008fe00000| Untracked 
| 255|0x000000008ff00000, 0x000000008ff00000, 0x0000000090000000|  0%| F|  |TAMS 0x000000008ff00000, 0x000000008ff00000| Untracked 

Card table byte_map: [0x000002999d250000,0x000002999d650000] _byte_map_base: 0x000002999ce50000

Marking Bits (Prev, Next): (CMBitMap*) 0x0000029989d68aa8, (CMBitMap*) 0x0000029989d68ae0
 Prev Bits: [0x000002999da50000, 0x000002999fa50000)
 Next Bits: [0x000002999fa50000, 0x00000299a1a50000)

Polling page: 0x00000299882a0000

Metaspace:

Usage:
  Non-class:    104.61 MB capacity,   102.56 MB ( 98%) used,     1.71 MB (  2%) free+waste,   341.50 KB ( <1%) overhead. 
      Class:     16.09 MB capacity,    14.88 MB ( 92%) used,     1.06 MB (  7%) free+waste,   155.38 KB ( <1%) overhead. 
       Both:    120.69 MB capacity,   117.44 MB ( 97%) used,     2.77 MB (  2%) free+waste,   496.88 KB ( <1%) overhead. 

Virtual space:
  Non-class space:      106.00 MB reserved,     104.73 MB ( 99%) committed 
      Class space:        1.00 GB reserved,      16.25 MB (  2%) committed 
             Both:        1.10 GB reserved,     120.98 MB ( 11%) committed 

Chunk freelists:
   Non-Class:  68.00 KB
       Class:  69.00 KB
        Both:  137.00 KB

MaxMetaspaceSize: 17179869184.00 GB
CompressedClassSpaceSize: 1.00 GB

CodeHeap 'non-profiled nmethods': size=120064Kb used=12180Kb max_used=12180Kb free=107883Kb
 bounds [0x00000299952f0000, 0x0000029995f00000, 0x000002999c830000]
CodeHeap 'profiled nmethods': size=120000Kb used=35459Kb max_used=37229Kb free=84540Kb
 bounds [0x000002998ddc0000, 0x0000029990240000, 0x00000299952f0000]
CodeHeap 'non-nmethods': size=5696Kb used=2362Kb max_used=2431Kb free=3334Kb
 bounds [0x000002998d830000, 0x000002998daa0000, 0x000002998ddc0000]
 total_blobs=16530 nmethods=15541 adapters=900
 compilation: enabled
              stopped_count=0, restarted_count=0
 full_count=0

Compilation events (20 events):
Event: 1025.636 Thread 0x00000299a4914000 nmethod 16548 0x0000029995ee0490 code [0x0000029995ee0d80, 0x0000029995eecc18]
Event: 1025.669 Thread 0x00000299b20a2800 16560   !   4       org.apache.tools.zip.ZipEncodingHelper::getZipEncoding (69 bytes)
Event: 1025.669 Thread 0x00000299b20a2800 nmethod 16560 0x0000029995308d90 code [0x0000029995308f40, 0x0000029995308fc8]
Event: 1025.671 Thread 0x00000299a4914000 16561       4       org.apache.tools.zip.ZipOutputStream::setEncoding (33 bytes)
Event: 1025.673 Thread 0x00000299a4914000 nmethod 16561 0x00000299953c7f10 code [0x00000299953c80c0, 0x00000299953c8378]
Event: 1025.674 Thread 0x00000299b20a2800 16562       4       org.gradle.internal.classpath.InstrumentingClasspathFileTransformer$$Lambda$437/0x00000001005bc040::visit (13 bytes)
Event: 1025.675 Thread 0x00000299b20a2800 nmethod 16562 0x0000029995323e90 code [0x0000029995324040, 0x00000299953240e8]
Event: 1025.677 Thread 0x00000299a4914000 16563       4       org.gradle.internal.classpath.ClasspathWalker$ZipClasspathEntry::<init> (10 bytes)
Event: 1025.679 Thread 0x00000299a4914000 nmethod 16563 0x00000299953ac110 code [0x00000299953ac2a0, 0x00000299953ac3d8]
Event: 1025.701 Thread 0x00000299b20a2800 16564       4       org.gradle.internal.classpath.InstrumentingTransformer$InstrumentingVisitor::visitEnd (39 bytes)
Event: 1025.703 Thread 0x00000299b20a2800 nmethod 16564 0x00000299953b3190 code [0x00000299953b3360, 0x00000299953b34e8]
Event: 1025.703 Thread 0x00000299b20a2800 16565       4       org.objectweb.asm.ClassWriter::visitOuterClass (37 bytes)
Event: 1025.704 Thread 0x00000299b20a2800 nmethod 16565 0x00000299953b7290 code [0x00000299953b7440, 0x00000299953b7558]
Event: 1025.708 Thread 0x00000299a4915000 16566       3       java.util.zip.ZipEntry::isDirectory (10 bytes)
Event: 1025.709 Thread 0x00000299a4915000 nmethod 16566 0x000002998de14f90 code [0x000002998de15180, 0x000002998de15528]
Event: 1025.841 Thread 0x00000299a4914000 16567       4       java.io.FilterOutputStream::write (9 bytes)
Event: 1025.843 Thread 0x00000299a4914000 nmethod 16567 0x00000299953cc890 code [0x00000299953cca40, 0x00000299953ccc08]
Event: 1027.288 Thread 0x00000299a4914000 16568       4       java.util.zip.ZipEntry::isDirectory (10 bytes)
Event: 1027.291 Thread 0x00000299a4914000 nmethod 16568 0x00000299953c7a90 code [0x00000299953c7c20, 0x00000299953c7cf8]
Event: 1027.658 Thread 0x00000299a4914000 16569       4       org.objectweb.asm.MethodWriter::visitSwitchInsn (174 bytes)

GC Heap History (20 events):
Event: 1023.731 GC heap after
{Heap after GC invocations=49 (full 0):
 garbage-first heap   total 262144K, used 149893K [0x0000000080000000, 0x0000000100000000)
  region size 1024K, 2 young (2048K), 2 survivors (2048K)
 Metaspace       used 120256K, capacity 123591K, committed 123888K, reserved 1157120K
  class space    used 15233K, capacity 16475K, committed 16640K, reserved 1048576K
}
Event: 1023.776 GC heap before
{Heap before GC invocations=49 (full 0):
 garbage-first heap   total 262144K, used 160133K [0x0000000080000000, 0x0000000100000000)
  region size 1024K, 12 young (12288K), 2 survivors (2048K)
 Metaspace       used 120256K, capacity 123591K, committed 123888K, reserved 1157120K
  class space    used 15233K, capacity 16475K, committed 16640K, reserved 1048576K
}
Event: 1023.782 GC heap after
{Heap after GC invocations=50 (full 0):
 garbage-first heap   total 262144K, used 148611K [0x0000000080000000, 0x0000000100000000)
  region size 1024K, 2 young (2048K), 2 survivors (2048K)
 Metaspace       used 120256K, capacity 123591K, committed 123888K, reserved 1157120K
  class space    used 15233K, capacity 16475K, committed 16640K, reserved 1048576K
}
Event: 1024.094 GC heap before
{Heap before GC invocations=50 (full 0):
 garbage-first heap   total 262144K, used 227459K [0x0000000080000000, 0x0000000100000000)
  region size 1024K, 79 young (80896K), 2 survivors (2048K)
 Metaspace       used 120257K, capacity 123591K, committed 123888K, reserved 1157120K
  class space    used 15233K, capacity 16475K, committed 16640K, reserved 1048576K
}
Event: 1024.097 GC heap after
{Heap after GC invocations=51 (full 0):
 garbage-first heap   total 262144K, used 149006K [0x0000000080000000, 0x0000000100000000)
  region size 1024K, 2 young (2048K), 2 survivors (2048K)
 Metaspace       used 120257K, capacity 123591K, committed 123888K, reserved 1157120K
  class space    used 15233K, capacity 16475K, committed 16640K, reserved 1048576K
}
Event: 1024.778 GC heap before
{Heap before GC invocations=52 (full 0):
 garbage-first heap   total 262144K, used 228878K [0x0000000080000000, 0x0000000100000000)
  region size 1024K, 80 young (81920K), 2 survivors (2048K)
 Metaspace       used 120257K, capacity 123591K, committed 123888K, reserved 1157120K
  class space    used 15233K, capacity 16475K, committed 16640K, reserved 1048576K
}
Event: 1024.782 GC heap after
{Heap after GC invocations=53 (full 0):
 garbage-first heap   total 262144K, used 149232K [0x0000000080000000, 0x0000000100000000)
  region size 1024K, 2 young (2048K), 2 survivors (2048K)
 Metaspace       used 120257K, capacity 123591K, committed 123888K, reserved 1157120K
  class space    used 15233K, capacity 16475K, committed 16640K, reserved 1048576K
}
Event: 1025.327 GC heap before
{Heap before GC invocations=53 (full 0):
 garbage-first heap   total 262144K, used 229104K [0x0000000080000000, 0x0000000100000000)
  region size 1024K, 80 young (81920K), 2 survivors (2048K)
 Metaspace       used 120257K, capacity 123591K, committed 123888K, reserved 1157120K
  class space    used 15233K, capacity 16475K, committed 16640K, reserved 1048576K
}
Event: 1025.359 GC heap after
{Heap after GC invocations=54 (full 0):
 garbage-first heap   total 262144K, used 149637K [0x0000000080000000, 0x0000000100000000)
  region size 1024K, 3 young (3072K), 3 survivors (3072K)
 Metaspace       used 120257K, capacity 123591K, committed 123888K, reserved 1157120K
  class space    used 15233K, capacity 16475K, committed 16640K, reserved 1048576K
}
Event: 1025.737 GC heap before
{Heap before GC invocations=55 (full 0):
 garbage-first heap   total 262144K, used 229509K [0x0000000080000000, 0x0000000100000000)
  region size 1024K, 81 young (82944K), 3 survivors (3072K)
 Metaspace       used 120257K, capacity 123591K, committed 123888K, reserved 1157120K
  class space    used 15233K, capacity 16475K, committed 16640K, reserved 1048576K
}
Event: 1025.771 GC heap after
{Heap after GC invocations=56 (full 0):
 garbage-first heap   total 262144K, used 150152K [0x0000000080000000, 0x0000000100000000)
  region size 1024K, 3 young (3072K), 3 survivors (3072K)
 Metaspace       used 120257K, capacity 123591K, committed 123888K, reserved 1157120K
  class space    used 15233K, capacity 16475K, committed 16640K, reserved 1048576K
}
Event: 1025.937 GC heap before
{Heap before GC invocations=56 (full 0):
 garbage-first heap   total 262144K, used 230024K [0x0000000080000000, 0x0000000100000000)
  region size 1024K, 81 young (82944K), 3 survivors (3072K)
 Metaspace       used 120257K, capacity 123591K, committed 123888K, reserved 1157120K
  class space    used 15233K, capacity 16475K, committed 16640K, reserved 1048576K
}
Event: 1025.941 GC heap after
{Heap after GC invocations=57 (full 0):
 garbage-first heap   total 262144K, used 150629K [0x0000000080000000, 0x0000000100000000)
  region size 1024K, 4 young (4096K), 4 survivors (4096K)
 Metaspace       used 120257K, capacity 123591K, committed 123888K, reserved 1157120K
  class space    used 15233K, capacity 16475K, committed 16640K, reserved 1048576K
}
Event: 1026.106 GC heap before
{Heap before GC invocations=57 (full 0):
 garbage-first heap   total 262144K, used 230501K [0x0000000080000000, 0x0000000100000000)
  region size 1024K, 82 young (83968K), 4 survivors (4096K)
 Metaspace       used 120257K, capacity 123591K, committed 123888K, reserved 1157120K
  class space    used 15233K, capacity 16475K, committed 16640K, reserved 1048576K
}
Event: 1026.498 GC heap after
{Heap after GC invocations=58 (full 0):
 garbage-first heap   total 262144K, used 151195K [0x0000000080000000, 0x0000000100000000)
  region size 1024K, 4 young (4096K), 4 survivors (4096K)
 Metaspace       used 120257K, capacity 123591K, committed 123888K, reserved 1157120K
  class space    used 15233K, capacity 16475K, committed 16640K, reserved 1048576K
}
Event: 1026.854 GC heap before
{Heap before GC invocations=59 (full 0):
 garbage-first heap   total 262144K, used 231067K [0x0000000080000000, 0x0000000100000000)
  region size 1024K, 82 young (83968K), 4 survivors (4096K)
 Metaspace       used 120257K, capacity 123591K, committed 123888K, reserved 1157120K
  class space    used 15233K, capacity 16475K, committed 16640K, reserved 1048576K
}
Event: 1026.860 GC heap after
{Heap after GC invocations=60 (full 0):
 garbage-first heap   total 262144K, used 151535K [0x0000000080000000, 0x0000000100000000)
  region size 1024K, 4 young (4096K), 4 survivors (4096K)
 Metaspace       used 120257K, capacity 123591K, committed 123888K, reserved 1157120K
  class space    used 15233K, capacity 16475K, committed 16640K, reserved 1048576K
}
Event: 1027.184 GC heap before
{Heap before GC invocations=60 (full 0):
 garbage-first heap   total 262144K, used 231407K [0x0000000080000000, 0x0000000100000000)
  region size 1024K, 82 young (83968K), 4 survivors (4096K)
 Metaspace       used 120257K, capacity 123591K, committed 123888K, reserved 1157120K
  class space    used 15233K, capacity 16475K, committed 16640K, reserved 1048576K
}
Event: 1027.193 GC heap after
{Heap after GC invocations=61 (full 0):
 garbage-first heap   total 262144K, used 152447K [0x0000000080000000, 0x0000000100000000)
  region size 1024K, 5 young (5120K), 5 survivors (5120K)
 Metaspace       used 120257K, capacity 123591K, committed 123888K, reserved 1157120K
  class space    used 15233K, capacity 16475K, committed 16640K, reserved 1048576K
}
Event: 1027.671 GC heap before
{Heap before GC invocations=62 (full 0):
 garbage-first heap   total 262144K, used 230271K [0x0000000080000000, 0x0000000100000000)
  region size 1024K, 81 young (82944K), 5 survivors (5120K)
 Metaspace       used 120257K, capacity 123591K, committed 123888K, reserved 1157120K
  class space    used 15233K, capacity 16475K, committed 16640K, reserved 1048576K
}

Deoptimization events (20 events):
Event: 1025.558 Thread 0x00000299a8e8e800 DEOPT PACKING pc=0x000002999022d3ee sp=0x000000ad80bfe1c0
Event: 1025.558 Thread 0x00000299a8e8e800 DEOPT UNPACKING pc=0x000002998d856dde sp=0x000000ad80bfd840 mode 0
Event: 1025.563 Thread 0x00000299a8e8e800 DEOPT PACKING pc=0x000002999022f11c sp=0x000000ad80bfe1c0
Event: 1025.563 Thread 0x00000299a8e8e800 DEOPT UNPACKING pc=0x000002998d856dde sp=0x000000ad80bfd840 mode 0
Event: 1025.567 Thread 0x00000299a8e8e800 DEOPT PACKING pc=0x000002999022d3ee sp=0x000000ad80bfe1c0
Event: 1025.567 Thread 0x00000299a8e8e800 DEOPT UNPACKING pc=0x000002998d856dde sp=0x000000ad80bfd840 mode 0
Event: 1025.574 Thread 0x00000299a8e8e800 DEOPT PACKING pc=0x000002999022d3ee sp=0x000000ad80bfe1c0
Event: 1025.574 Thread 0x00000299a8e8e800 DEOPT UNPACKING pc=0x000002998d856dde sp=0x000000ad80bfd840 mode 0
Event: 1025.580 Thread 0x00000299a8e8e800 DEOPT PACKING pc=0x000002999022d3ee sp=0x000000ad80bfe1c0
Event: 1025.580 Thread 0x00000299a8e8e800 DEOPT UNPACKING pc=0x000002998d856dde sp=0x000000ad80bfd840 mode 0
Event: 1025.605 Thread 0x00000299a8e8e800 DEOPT PACKING pc=0x000002999022f11c sp=0x000000ad80bfe1c0
Event: 1025.605 Thread 0x00000299a8e8e800 DEOPT UNPACKING pc=0x000002998d856dde sp=0x000000ad80bfd840 mode 0
Event: 1025.615 Thread 0x00000299a8e8e800 DEOPT PACKING pc=0x000002999022f11c sp=0x000000ad80bfe1c0
Event: 1025.615 Thread 0x00000299a8e8e800 DEOPT UNPACKING pc=0x000002998d856dde sp=0x000000ad80bfd840 mode 0
Event: 1025.620 Thread 0x00000299a8e8e800 DEOPT PACKING pc=0x000002999022f11c sp=0x000000ad80bfe1c0
Event: 1025.620 Thread 0x00000299a8e8e800 DEOPT UNPACKING pc=0x000002998d856dde sp=0x000000ad80bfd840 mode 0
Event: 1025.624 Thread 0x00000299a8e8e800 DEOPT PACKING pc=0x000002999022d3ee sp=0x000000ad80bfe1c0
Event: 1025.624 Thread 0x00000299a8e8e800 DEOPT UNPACKING pc=0x000002998d856dde sp=0x000000ad80bfd840 mode 0
Event: 1025.635 Thread 0x00000299a8e8e800 DEOPT PACKING pc=0x000002999022d3ee sp=0x000000ad80bfe1c0
Event: 1025.635 Thread 0x00000299a8e8e800 DEOPT UNPACKING pc=0x000002998d856dde sp=0x000000ad80bfd840 mode 0

Classes redefined (0 events):
No events

Internal exceptions (20 events):
Event: 1019.706 Thread 0x00000299a8e90800 Exception <a 'sun/nio/fs/WindowsException'{0x000000008ff0eca8}> (0x000000008ff0eca8) thrown at [./src/hotspot/share/prims/jni.cpp, line 615]
Event: 1019.772 Thread 0x00000299a8e90800 Exception <a 'sun/nio/fs/WindowsException'{0x000000008e6f1778}> (0x000000008e6f1778) thrown at [./src/hotspot/share/prims/jni.cpp, line 615]
Event: 1019.860 Thread 0x00000299a8e90800 Exception <a 'sun/nio/fs/WindowsException'{0x000000008e6f1988}> (0x000000008e6f1988) thrown at [./src/hotspot/share/prims/jni.cpp, line 615]
Event: 1020.683 Thread 0x00000299a5994800 Exception <a 'sun/nio/fs/WindowsException'{0x000000008c618f78}> (0x000000008c618f78) thrown at [./src/hotspot/share/prims/jni.cpp, line 615]
Event: 1020.759 Thread 0x00000299a8e90800 Exception <a 'sun/nio/fs/WindowsException'{0x000000008ff6d4d0}> (0x000000008ff6d4d0) thrown at [./src/hotspot/share/prims/jni.cpp, line 615]
Event: 1021.235 Thread 0x00000299a5994800 Exception <a 'sun/nio/fs/WindowsException'{0x000000008c0dd8d0}> (0x000000008c0dd8d0) thrown at [./src/hotspot/share/prims/jni.cpp, line 615]
Event: 1021.316 Thread 0x00000299a8e90800 Exception <a 'sun/nio/fs/WindowsException'{0x000000008f9830a0}> (0x000000008f9830a0) thrown at [./src/hotspot/share/prims/jni.cpp, line 615]
Event: 1021.327 Thread 0x00000299a5997000 Exception <a 'sun/nio/fs/WindowsException'{0x000000008ff340c0}> (0x000000008ff340c0) thrown at [./src/hotspot/share/prims/jni.cpp, line 615]
Event: 1021.401 Thread 0x00000299a5994800 Exception <a 'sun/nio/fs/WindowsException'{0x000000008f17e518}> (0x000000008f17e518) thrown at [./src/hotspot/share/prims/jni.cpp, line 615]
Event: 1021.517 Thread 0x00000299a5997000 Exception <a 'sun/nio/fs/WindowsException'{0x000000008ff342e8}> (0x000000008ff342e8) thrown at [./src/hotspot/share/prims/jni.cpp, line 615]
Event: 1021.554 Thread 0x00000299a8e90800 Exception <a 'sun/nio/fs/WindowsException'{0x000000008f9832d8}> (0x000000008f9832d8) thrown at [./src/hotspot/share/prims/jni.cpp, line 615]
Event: 1021.795 Thread 0x00000299a5997000 Exception <a 'sun/nio/fs/WindowsException'{0x000000008ff54190}> (0x000000008ff54190) thrown at [./src/hotspot/share/prims/jni.cpp, line 615]
Event: 1021.832 Thread 0x00000299a5994800 Exception <a 'sun/nio/fs/WindowsException'{0x000000008f191328}> (0x000000008f191328) thrown at [./src/hotspot/share/prims/jni.cpp, line 615]
Event: 1021.940 Thread 0x00000299a8e90800 Exception <a 'sun/nio/fs/WindowsException'{0x000000008f997cc0}> (0x000000008f997cc0) thrown at [./src/hotspot/share/prims/jni.cpp, line 615]
Event: 1021.948 Thread 0x00000299a5994800 Exception <a 'sun/nio/fs/WindowsException'{0x000000008b82fce8}> (0x000000008b82fce8) thrown at [./src/hotspot/share/prims/jni.cpp, line 615]
Event: 1022.171 Thread 0x00000299a5994800 Exception <a 'sun/nio/fs/WindowsException'{0x000000008ef80800}> (0x000000008ef80800) thrown at [./src/hotspot/share/prims/jni.cpp, line 615]
Event: 1022.177 Thread 0x00000299a8e90800 Exception <a 'sun/nio/fs/WindowsException'{0x000000008f5f72f0}> (0x000000008f5f72f0) thrown at [./src/hotspot/share/prims/jni.cpp, line 615]
Event: 1022.274 Thread 0x00000299a5997000 Exception <a 'sun/nio/fs/WindowsException'{0x000000008fbb6978}> (0x000000008fbb6978) thrown at [./src/hotspot/share/prims/jni.cpp, line 615]
Event: 1022.450 Thread 0x00000299a8e90800 Exception <a 'sun/nio/fs/WindowsException'{0x000000008f5f7520}> (0x000000008f5f7520) thrown at [./src/hotspot/share/prims/jni.cpp, line 615]
Event: 1022.472 Thread 0x00000299a5997000 Exception <a 'sun/nio/fs/WindowsException'{0x000000008fbb6b98}> (0x000000008fbb6b98) thrown at [./src/hotspot/share/prims/jni.cpp, line 615]

Events (20 events):
Event: 1025.737 Executing VM operation: G1CollectForAllocation
Event: 1025.771 Executing VM operation: G1CollectForAllocation done
Event: 1025.841 Thread 0x00000299b20a2800 Thread exited: 0x00000299b20a2800
Event: 1025.937 Executing VM operation: G1CollectForAllocation
Event: 1025.941 Executing VM operation: G1CollectForAllocation done
Event: 1026.106 Executing VM operation: G1CollectForAllocation
Event: 1026.498 Executing VM operation: G1CollectForAllocation done
Event: 1026.499 Executing VM operation: CGC_Operation
Event: 1026.513 Executing VM operation: CGC_Operation done
Event: 1026.617 Executing VM operation: CGC_Operation
Event: 1026.617 Executing VM operation: CGC_Operation done
Event: 1026.854 Executing VM operation: G1CollectForAllocation
Event: 1026.860 Executing VM operation: G1CollectForAllocation done
Event: 1027.184 Executing VM operation: G1CollectForAllocation
Event: 1027.193 Executing VM operation: G1CollectForAllocation done
Event: 1027.490 Executing VM operation: CGC_Operation
Event: 1027.507 Executing VM operation: CGC_Operation done
Event: 1027.654 Executing VM operation: CGC_Operation
Event: 1027.655 Executing VM operation: CGC_Operation done
Event: 1027.671 Executing VM operation: G1CollectForAllocation


Dynamic libraries:
0x00007ff6f43a0000 - 0x00007ff6f43aa000 	C:\Program Files\Android\Android Studio\jre\bin\java.exe
0x00007ffdba850000 - 0x00007ffdbaa45000 	C:\Windows\SYSTEM32\ntdll.dll
0x00007ffdba6e0000 - 0x00007ffdba79e000 	C:\Windows\System32\KERNEL32.DLL
0x00007ffdb8000000 - 0x00007ffdb82c8000 	C:\Windows\System32\KERNELBASE.dll
0x00007ffdb86f0000 - 0x00007ffdb87f0000 	C:\Windows\System32\ucrtbase.dll
0x00007ffda71a0000 - 0x00007ffda71b9000 	C:\Program Files\Android\Android Studio\jre\bin\jli.dll
0x00007ffdba360000 - 0x00007ffdba500000 	C:\Windows\System32\USER32.dll
0x00007ffdb84f0000 - 0x00007ffdb8512000 	C:\Windows\System32\win32u.dll
0x00007ffdb9190000 - 0x00007ffdb91bb000 	C:\Windows\System32\GDI32.dll
0x00007ffd9ff90000 - 0x00007ffd9ffa7000 	C:\Program Files\Android\Android Studio\jre\bin\VCRUNTIME140.dll
0x00007ffdb85e0000 - 0x00007ffdb86ed000 	C:\Windows\System32\gdi32full.dll
0x00007ffdb7f60000 - 0x00007ffdb7ffd000 	C:\Windows\System32\msvcp_win.dll
0x00007ffda34a0000 - 0x00007ffda373a000 	C:\Windows\WinSxS\amd64_microsoft.windows.common-controls_6595b64144ccf1df_6.0.19041.1110_none_60b5254171f9507e\COMCTL32.dll
0x00007ffdba500000 - 0x00007ffdba59e000 	C:\Windows\System32\msvcrt.dll
0x00007ffdba080000 - 0x00007ffdba0b0000 	C:\Windows\System32\IMM32.DLL
0x00007ffd97ee0000 - 0x00007ffd97f7d000 	C:\Program Files\Android\Android Studio\jre\bin\msvcp140.dll
0x00007ffd90d60000 - 0x00007ffd91835000 	C:\Program Files\Android\Android Studio\jre\bin\server\jvm.dll
0x00007ffdb9000000 - 0x00007ffdb90ae000 	C:\Windows\System32\ADVAPI32.dll
0x00007ffdba0b0000 - 0x00007ffdba14c000 	C:\Windows\System32\sechost.dll
0x00007ffdb9ad0000 - 0x00007ffdb9bf5000 	C:\Windows\System32\RPCRT4.dll
0x00007ffdb9160000 - 0x00007ffdb9168000 	C:\Windows\System32\PSAPI.DLL
0x00007ffdb56d0000 - 0x00007ffdb56d9000 	C:\Windows\SYSTEM32\WSOCK32.dll
0x00007ffdba7a0000 - 0x00007ffdba80b000 	C:\Windows\System32\WS2_32.dll
0x00007ffda09e0000 - 0x00007ffda0a07000 	C:\Windows\SYSTEM32\WINMM.dll
0x00007ffda4cd0000 - 0x00007ffda4cda000 	C:\Windows\SYSTEM32\VERSION.dll
0x00007ffdb5e50000 - 0x00007ffdb5e62000 	C:\Windows\SYSTEM32\kernel.appcore.dll
0x00007ffdb1d50000 - 0x00007ffdb1d61000 	C:\Program Files\Android\Android Studio\jre\bin\verify.dll
0x00007ffda2d00000 - 0x00007ffda2ee4000 	C:\Windows\SYSTEM32\DBGHELP.DLL
0x00007ffda2cd0000 - 0x00007ffda2cfc000 	C:\Windows\SYSTEM32\dbgcore.DLL
0x00007ffdb82d0000 - 0x00007ffdb8352000 	C:\Windows\System32\bcryptPrimitives.dll
0x00007ffdb1d20000 - 0x00007ffdb1d49000 	C:\Program Files\Android\Android Studio\jre\bin\java.dll
0x00007ffdb3210000 - 0x00007ffdb321b000 	C:\Program Files\Android\Android Studio\jre\bin\jimage.dll
0x00007ffdb1a00000 - 0x00007ffdb1a18000 	C:\Program Files\Android\Android Studio\jre\bin\zip.dll
0x00007ffdb9250000 - 0x00007ffdb9994000 	C:\Windows\System32\SHELL32.dll
0x00007ffdb6050000 - 0x00007ffdb67e4000 	C:\Windows\SYSTEM32\windows.storage.dll
0x00007ffdb8b10000 - 0x00007ffdb8e65000 	C:\Windows\System32\combase.dll
0x00007ffdb79b0000 - 0x00007ffdb79de000 	C:\Windows\SYSTEM32\Wldp.dll
0x00007ffdb90b0000 - 0x00007ffdb915d000 	C:\Windows\System32\SHCORE.dll
0x00007ffdb8a50000 - 0x00007ffdb8aa5000 	C:\Windows\System32\shlwapi.dll
0x00007ffdb7ea0000 - 0x00007ffdb7ebf000 	C:\Windows\SYSTEM32\profapi.dll
0x00007ffdb19e0000 - 0x00007ffdb19fa000 	C:\Program Files\Android\Android Studio\jre\bin\net.dll
0x00007ffda6c00000 - 0x00007ffda6d0c000 	C:\Windows\SYSTEM32\WINHTTP.dll
0x00007ffdb7710000 - 0x00007ffdb777a000 	C:\Windows\system32\mswsock.dll
0x00007ffdae7e0000 - 0x00007ffdae7f4000 	C:\Program Files\Android\Android Studio\jre\bin\nio.dll
0x00007ffd9abc0000 - 0x00007ffd9abe7000 	C:\Program Files\Android\Android Studio\jre\native\e1d6ef7f7dcc3fd88c89a11ec53ec762bb8ba0a96d01ffa2cd45eb1d1d8dd5c5\windows-amd64\native-platform.dll
0x00007ffd95580000 - 0x00007ffd956c4000 	C:\Program Files\Android\Android Studio\jre\native\5664cfc778a61ccfe75a443a1ab52a65af34e5dc3c78e0209fed803814484fcb\windows-amd64\native-platform-file-events.dll
0x00007ffdb3160000 - 0x00007ffdb316a000 	C:\Program Files\Android\Android Studio\jre\bin\management.dll
0x00007ffdb2ba0000 - 0x00007ffdb2bad000 	C:\Program Files\Android\Android Studio\jre\bin\management_ext.dll
0x00007ffdb7910000 - 0x00007ffdb7928000 	C:\Windows\SYSTEM32\CRYPTSP.dll
0x00007ffdb7020000 - 0x00007ffdb7054000 	C:\Windows\system32\rsaenh.dll
0x00007ffdb84c0000 - 0x00007ffdb84e7000 	C:\Windows\System32\bcrypt.dll
0x00007ffdb7e20000 - 0x00007ffdb7e4e000 	C:\Windows\SYSTEM32\USERENV.dll
0x00007ffdb7900000 - 0x00007ffdb790c000 	C:\Windows\SYSTEM32\CRYPTBASE.dll
0x00007ffdb73b0000 - 0x00007ffdb73eb000 	C:\Windows\SYSTEM32\IPHLPAPI.DLL
0x00007ffdba600000 - 0x00007ffdba608000 	C:\Windows\System32\NSI.dll
0x00007ffdac7f0000 - 0x00007ffdac807000 	C:\Windows\SYSTEM32\dhcpcsvc6.DLL
0x00007ffdaf570000 - 0x00007ffdaf58d000 	C:\Windows\SYSTEM32\dhcpcsvc.DLL
0x00007ffdb73f0000 - 0x00007ffdb74bb000 	C:\Windows\SYSTEM32\DNSAPI.dll
0x00007ffd9c4d0000 - 0x00007ffd9c4f7000 	C:\Program Files\Android\Android Studio\jre\bin\sunec.dll
0x00007ffda62e0000 - 0x00007ffda62ea000 	C:\Windows\System32\rasadhlp.dll
0x00007ffda6b80000 - 0x00007ffda6bff000 	C:\Windows\System32\fwpuclnt.dll

dbghelp: loaded successfully - version: 4.0.5 - missing functions: none
symbol engine: initialized successfully - sym options: 0x614 - pdb path: .;C:\Program Files\Android\Android Studio\jre\bin;C:\Windows\SYSTEM32;C:\Windows\WinSxS\amd64_microsoft.windows.common-controls_6595b64144ccf1df_6.0.19041.1110_none_60b5254171f9507e;C:\Program Files\Android\Android Studio\jre\bin\server;C:\Program Files\Android\Android Studio\jre\native\e1d6ef7f7dcc3fd88c89a11ec53ec762bb8ba0a96d01ffa2cd45eb1d1d8dd5c5\windows-amd64;C:\Program Files\Android\Android Studio\jre\native\5664cfc778a61ccfe75a443a1ab52a65af34e5dc3c78e0209fed803814484fcb\windows-amd64

VM Arguments:
jvm_args: --add-opens=java.base/java.util=ALL-UNNAMED --add-opens=java.base/java.lang=ALL-UNNAMED --add-opens=java.base/java.lang.invoke=ALL-UNNAMED --add-opens=java.base/java.util=ALL-UNNAMED --add-opens=java.prefs/java.util.prefs=ALL-UNNAMED --add-opens=java.prefs/java.util.prefs=ALL-UNNAMED --add-opens=java.base/java.nio.charset=ALL-UNNAMED --add-opens=java.base/java.net=ALL-UNNAMED --add-opens=java.base/java.util.concurrent.atomic=ALL-UNNAMED -Xmx2048m -Dfile.encoding=UTF-8 -Duser.country=US -Duser.language=en -Duser.variant 
java_command: org.gradle.launcher.daemon.bootstrap.GradleDaemon 7.2
java_class_path (initial): C:\Program Files\Android\Android Studio\jre\wrapper\dists\gradle-7.2-bin\2dnblmf4td7x66yl1d74lt32g\gradle-7.2\lib\gradle-launcher-7.2.jar
Launcher Type: SUN_STANDARD

[Global flags]
     intx CICompilerCount                          = 3                                         {product} {ergonomic}
     uint ConcGCThreads                            = 1                                         {product} {ergonomic}
     uint G1ConcRefinementThreads                  = 4                                         {product} {ergonomic}
   size_t G1HeapRegionSize                         = 1048576                                   {product} {ergonomic}
    uintx GCDrainStackTargetSize                   = 64                                        {product} {ergonomic}
   size_t InitialHeapSize                          = 268435456                                 {product} {ergonomic}
   size_t MarkStackSize                            = 4194304                                   {product} {ergonomic}
   size_t MaxHeapSize                              = 2147483648                                {product} {command line}
   size_t MaxNewSize                               = 1287651328                                {product} {ergonomic}
   size_t MinHeapDeltaBytes                        = 1048576                                   {product} {ergonomic}
    uintx NonNMethodCodeHeapSize                   = 5830732                                {pd product} {ergonomic}
    uintx NonProfiledCodeHeapSize                  = 122913754                              {pd product} {ergonomic}
    uintx ProfiledCodeHeapSize                     = 122913754                              {pd product} {ergonomic}
    uintx ReservedCodeCacheSize                    = 251658240                              {pd product} {ergonomic}
     bool SegmentedCodeCache                       = true                                      {product} {ergonomic}
     bool UseCompressedClassPointers               = true                                 {lp64_product} {ergonomic}
     bool UseCompressedOops                        = true                                 {lp64_product} {ergonomic}
     bool UseG1GC                                  = true                                      {product} {ergonomic}
     bool UseLargePagesIndividualAllocation        = false                                  {pd product} {ergonomic}

Logging:
Log output configuration:
 #0: stdout all=warning uptime,level,tags
 #1: stderr all=off uptime,level,tags

Environment Variables:
PATH=C:\Program Files (x86)\NVIDIA Corporation\PhysX\Common;C:\ProgramData\Oracle\Java\javapath;C:\Program Files (x86)\Intel\iCLS Client\;C:\Program Files\Intel\iCLS Client\;C:\Windows\system32;C:\Windows;C:\Windows\System32\Wbem;C:\Windows\System32\WindowsPowerShell\v1.0\;C:\Windows\System32\OpenSSH\;C:\Program Files (x86)\Intel\Intel(R) Management Engine Components\DAL;C:\Program Files\Intel\Intel(R) Management Engine Components\DAL;C:\Program Files (x86)\Intel\Intel(R) Management Engine Components\IPT;C:\Program Files\Intel\Intel(R) Management Engine Components\IPT;C:\Program Files\Git\cmd;C:\Users\Mahmudov\AppData\Local\Microsoft\WindowsApps;
USERNAME=Mahmudov
OS=Windows_NT
PROCESSOR_IDENTIFIER=Intel64 Family 6 Model 142 Stepping 9, GenuineIntel



---------------  S Y S T E M  ---------------

OS: Windows 10 , 64 bit Build 19041 (10.0.19041.1503)
OS uptime: 0 days 11:53 hours

CPU:total 4 (initial active 4) (2 cores per cpu, 2 threads per core) family 6 model 142 stepping 9 microcode 0xb4, cmov, cx8, fxsr, mmx, sse, sse2, sse3, ssse3, sse4.1, sse4.2, popcnt, avx, avx2, aes, clmul, erms, 3dnowpref, lzcnt, ht, tsc, tscinvbit, bmi1, bmi2, adx, fma

Memory: 4k page, system-wide physical 16261M (603M free)
TotalPageFile size 31522M (AvailPageFile size 233M)
current process WorkingSet (physical memory assigned to process): 389M, peak: 530M
current process commit charge ("private bytes"): 630M, peak: 1034M

vm_info: OpenJDK 64-Bit Server VM (11.0.11+9-b60-7590822) for windows-amd64 JRE (11.0.11+9-b60-7590822), built on Jul 29 2021 21:43:44 by "builder" with MS VC++ 14.0 (VS2015)

END.
